CondorOut/DYJetsToLL_M50_MC_20191005_Ntuple_100_Anal.root
CondorOut/DYJetsToLL_M50_MC_20191005_Ntuple_101_Anal.root
CondorOut/DYJetsToLL_M50_MC_20191005_Ntuple_102_Anal.root
CondorOut/DYJetsToLL_M50_MC_20191005_Ntuple_103_Anal.root
CondorOut/DYJetsToLL_M50_MC_20191005_Ntuple_104_Anal.root
CondorOut/DYJetsToLL_M50_MC_20191005_Ntuple_105_Anal.root
CondorOut/DYJetsToLL_M50_MC_20191005_Ntuple_106_Anal.root
CondorOut/DYJetsToLL_M50_MC_20191005_Ntuple_107_Anal.root
CondorOut/DYJetsToLL_M50_MC_20191005_Ntuple_108_Anal.root
CondorOut/DYJetsToLL_M50_MC_20191005_Ntuple_109_Anal.root
CondorOut/DYJetsToLL_M50_MC_20191005_Ntuple_10_Anal.root
CondorOut/DYJetsToLL_M50_MC_20191005_Ntuple_110_Anal.root
CondorOut/DYJetsToLL_M50_MC_20191005_Ntuple_111_Anal.root
CondorOut/DYJetsToLL_M50_MC_20191005_Ntuple_112_Anal.root
CondorOut/DYJetsToLL_M50_MC_20191005_Ntuple_113_Anal.root
CondorOut/DYJetsToLL_M50_MC_20191005_Ntuple_114_Anal.root
CondorOut/DYJetsToLL_M50_MC_20191005_Ntuple_115_Anal.root
CondorOut/DYJetsToLL_M50_MC_20191005_Ntuple_116_Anal.root
CondorOut/DYJetsToLL_M50_MC_20191005_Ntuple_117_Anal.root
CondorOut/DYJetsToLL_M50_MC_20191005_Ntuple_118_Anal.root
CondorOut/DYJetsToLL_M50_MC_20191005_Ntuple_119_Anal.root
CondorOut/DYJetsToLL_M50_MC_20191005_Ntuple_11_Anal.root
CondorOut/DYJetsToLL_M50_MC_20191005_Ntuple_120_Anal.root
CondorOut/DYJetsToLL_M50_MC_20191005_Ntuple_121_Anal.root
CondorOut/DYJetsToLL_M50_MC_20191005_Ntuple_122_Anal.root
CondorOut/DYJetsToLL_M50_MC_20191005_Ntuple_123_Anal.root
CondorOut/DYJetsToLL_M50_MC_20191005_Ntuple_124_Anal.root
CondorOut/DYJetsToLL_M50_MC_20191005_Ntuple_125_Anal.root
CondorOut/DYJetsToLL_M50_MC_20191005_Ntuple_126_Anal.root
CondorOut/DYJetsToLL_M50_MC_20191005_Ntuple_127_Anal.root
CondorOut/DYJetsToLL_M50_MC_20191005_Ntuple_128_Anal.root
CondorOut/DYJetsToLL_M50_MC_20191005_Ntuple_129_Anal.root
CondorOut/DYJetsToLL_M50_MC_20191005_Ntuple_12_Anal.root
CondorOut/DYJetsToLL_M50_MC_20191005_Ntuple_130_Anal.root
CondorOut/DYJetsToLL_M50_MC_20191005_Ntuple_131_Anal.root
CondorOut/DYJetsToLL_M50_MC_20191005_Ntuple_132_Anal.root
CondorOut/DYJetsToLL_M50_MC_20191005_Ntuple_133_Anal.root
CondorOut/DYJetsToLL_M50_MC_20191005_Ntuple_134_Anal.root
CondorOut/DYJetsToLL_M50_MC_20191005_Ntuple_135_Anal.root
CondorOut/DYJetsToLL_M50_MC_20191005_Ntuple_136_Anal.root
CondorOut/DYJetsToLL_M50_MC_20191005_Ntuple_137_Anal.root
CondorOut/DYJetsToLL_M50_MC_20191005_Ntuple_138_Anal.root
CondorOut/DYJetsToLL_M50_MC_20191005_Ntuple_139_Anal.root
CondorOut/DYJetsToLL_M50_MC_20191005_Ntuple_13_Anal.root
CondorOut/DYJetsToLL_M50_MC_20191005_Ntuple_140_Anal.root
CondorOut/DYJetsToLL_M50_MC_20191005_Ntuple_141_Anal.root
CondorOut/DYJetsToLL_M50_MC_20191005_Ntuple_142_Anal.root
CondorOut/DYJetsToLL_M50_MC_20191005_Ntuple_143_Anal.root
CondorOut/DYJetsToLL_M50_MC_20191005_Ntuple_144_Anal.root
CondorOut/DYJetsToLL_M50_MC_20191005_Ntuple_145_Anal.root
CondorOut/DYJetsToLL_M50_MC_20191005_Ntuple_146_Anal.root
CondorOut/DYJetsToLL_M50_MC_20191005_Ntuple_14_Anal.root
CondorOut/DYJetsToLL_M50_MC_20191005_Ntuple_15_Anal.root
CondorOut/DYJetsToLL_M50_MC_20191005_Ntuple_16_Anal.root
CondorOut/DYJetsToLL_M50_MC_20191005_Ntuple_17_Anal.root
CondorOut/DYJetsToLL_M50_MC_20191005_Ntuple_18_Anal.root
CondorOut/DYJetsToLL_M50_MC_20191005_Ntuple_19_Anal.root
CondorOut/DYJetsToLL_M50_MC_20191005_Ntuple_1_Anal.root
CondorOut/DYJetsToLL_M50_MC_20191005_Ntuple_20_Anal.root
CondorOut/DYJetsToLL_M50_MC_20191005_Ntuple_21_Anal.root
CondorOut/DYJetsToLL_M50_MC_20191005_Ntuple_22_Anal.root
CondorOut/DYJetsToLL_M50_MC_20191005_Ntuple_23_Anal.root
CondorOut/DYJetsToLL_M50_MC_20191005_Ntuple_24_Anal.root
CondorOut/DYJetsToLL_M50_MC_20191005_Ntuple_25_Anal.root
CondorOut/DYJetsToLL_M50_MC_20191005_Ntuple_26_Anal.root
CondorOut/DYJetsToLL_M50_MC_20191005_Ntuple_27_Anal.root
CondorOut/DYJetsToLL_M50_MC_20191005_Ntuple_28_Anal.root
CondorOut/DYJetsToLL_M50_MC_20191005_Ntuple_29_Anal.root
CondorOut/DYJetsToLL_M50_MC_20191005_Ntuple_2_Anal.root
CondorOut/DYJetsToLL_M50_MC_20191005_Ntuple_30_Anal.root
CondorOut/DYJetsToLL_M50_MC_20191005_Ntuple_31_Anal.root
CondorOut/DYJetsToLL_M50_MC_20191005_Ntuple_32_Anal.root
CondorOut/DYJetsToLL_M50_MC_20191005_Ntuple_33_Anal.root
CondorOut/DYJetsToLL_M50_MC_20191005_Ntuple_34_Anal.root
CondorOut/DYJetsToLL_M50_MC_20191005_Ntuple_35_Anal.root
CondorOut/DYJetsToLL_M50_MC_20191005_Ntuple_36_Anal.root
CondorOut/DYJetsToLL_M50_MC_20191005_Ntuple_37_Anal.root
CondorOut/DYJetsToLL_M50_MC_20191005_Ntuple_38_Anal.root
CondorOut/DYJetsToLL_M50_MC_20191005_Ntuple_39_Anal.root
CondorOut/DYJetsToLL_M50_MC_20191005_Ntuple_3_Anal.root
CondorOut/DYJetsToLL_M50_MC_20191005_Ntuple_40_Anal.root
CondorOut/DYJetsToLL_M50_MC_20191005_Ntuple_41_Anal.root
CondorOut/DYJetsToLL_M50_MC_20191005_Ntuple_42_Anal.root
CondorOut/DYJetsToLL_M50_MC_20191005_Ntuple_43_Anal.root
CondorOut/DYJetsToLL_M50_MC_20191005_Ntuple_44_Anal.root
CondorOut/DYJetsToLL_M50_MC_20191005_Ntuple_45_Anal.root
CondorOut/DYJetsToLL_M50_MC_20191005_Ntuple_46_Anal.root
CondorOut/DYJetsToLL_M50_MC_20191005_Ntuple_47_Anal.root
CondorOut/DYJetsToLL_M50_MC_20191005_Ntuple_48_Anal.root
CondorOut/DYJetsToLL_M50_MC_20191005_Ntuple_49_Anal.root
CondorOut/DYJetsToLL_M50_MC_20191005_Ntuple_4_Anal.root
CondorOut/DYJetsToLL_M50_MC_20191005_Ntuple_50_Anal.root
CondorOut/DYJetsToLL_M50_MC_20191005_Ntuple_51_Anal.root
CondorOut/DYJetsToLL_M50_MC_20191005_Ntuple_52_Anal.root
CondorOut/DYJetsToLL_M50_MC_20191005_Ntuple_53_Anal.root
CondorOut/DYJetsToLL_M50_MC_20191005_Ntuple_54_Anal.root
CondorOut/DYJetsToLL_M50_MC_20191005_Ntuple_55_Anal.root
CondorOut/DYJetsToLL_M50_MC_20191005_Ntuple_56_Anal.root
CondorOut/DYJetsToLL_M50_MC_20191005_Ntuple_57_Anal.root
CondorOut/DYJetsToLL_M50_MC_20191005_Ntuple_58_Anal.root
CondorOut/DYJetsToLL_M50_MC_20191005_Ntuple_59_Anal.root
CondorOut/DYJetsToLL_M50_MC_20191005_Ntuple_5_Anal.root
CondorOut/DYJetsToLL_M50_MC_20191005_Ntuple_60_Anal.root
CondorOut/DYJetsToLL_M50_MC_20191005_Ntuple_61_Anal.root
CondorOut/DYJetsToLL_M50_MC_20191005_Ntuple_62_Anal.root
CondorOut/DYJetsToLL_M50_MC_20191005_Ntuple_63_Anal.root
CondorOut/DYJetsToLL_M50_MC_20191005_Ntuple_64_Anal.root
CondorOut/DYJetsToLL_M50_MC_20191005_Ntuple_65_Anal.root
CondorOut/DYJetsToLL_M50_MC_20191005_Ntuple_66_Anal.root
CondorOut/DYJetsToLL_M50_MC_20191005_Ntuple_67_Anal.root
CondorOut/DYJetsToLL_M50_MC_20191005_Ntuple_68_Anal.root
CondorOut/DYJetsToLL_M50_MC_20191005_Ntuple_69_Anal.root
CondorOut/DYJetsToLL_M50_MC_20191005_Ntuple_6_Anal.root
CondorOut/DYJetsToLL_M50_MC_20191005_Ntuple_70_Anal.root
CondorOut/DYJetsToLL_M50_MC_20191005_Ntuple_71_Anal.root
CondorOut/DYJetsToLL_M50_MC_20191005_Ntuple_72_Anal.root
CondorOut/DYJetsToLL_M50_MC_20191005_Ntuple_73_Anal.root
CondorOut/DYJetsToLL_M50_MC_20191005_Ntuple_74_Anal.root
CondorOut/DYJetsToLL_M50_MC_20191005_Ntuple_75_Anal.root
CondorOut/DYJetsToLL_M50_MC_20191005_Ntuple_76_Anal.root
CondorOut/DYJetsToLL_M50_MC_20191005_Ntuple_77_Anal.root
CondorOut/DYJetsToLL_M50_MC_20191005_Ntuple_78_Anal.root
CondorOut/DYJetsToLL_M50_MC_20191005_Ntuple_79_Anal.root
CondorOut/DYJetsToLL_M50_MC_20191005_Ntuple_7_Anal.root
CondorOut/DYJetsToLL_M50_MC_20191005_Ntuple_80_Anal.root
CondorOut/DYJetsToLL_M50_MC_20191005_Ntuple_81_Anal.root
CondorOut/DYJetsToLL_M50_MC_20191005_Ntuple_82_Anal.root
CondorOut/DYJetsToLL_M50_MC_20191005_Ntuple_83_Anal.root
CondorOut/DYJetsToLL_M50_MC_20191005_Ntuple_84_Anal.root
CondorOut/DYJetsToLL_M50_MC_20191005_Ntuple_85_Anal.root
CondorOut/DYJetsToLL_M50_MC_20191005_Ntuple_86_Anal.root
CondorOut/DYJetsToLL_M50_MC_20191005_Ntuple_87_Anal.root
CondorOut/DYJetsToLL_M50_MC_20191005_Ntuple_88_Anal.root
CondorOut/DYJetsToLL_M50_MC_20191005_Ntuple_89_Anal.root
CondorOut/DYJetsToLL_M50_MC_20191005_Ntuple_8_Anal.root
CondorOut/DYJetsToLL_M50_MC_20191005_Ntuple_90_Anal.root
CondorOut/DYJetsToLL_M50_MC_20191005_Ntuple_91_Anal.root
CondorOut/DYJetsToLL_M50_MC_20191005_Ntuple_92_Anal.root
CondorOut/DYJetsToLL_M50_MC_20191005_Ntuple_93_Anal.root
CondorOut/DYJetsToLL_M50_MC_20191005_Ntuple_94_Anal.root
CondorOut/DYJetsToLL_M50_MC_20191005_Ntuple_95_Anal.root
CondorOut/DYJetsToLL_M50_MC_20191005_Ntuple_96_Anal.root
CondorOut/DYJetsToLL_M50_MC_20191005_Ntuple_97_Anal.root
CondorOut/DYJetsToLL_M50_MC_20191005_Ntuple_98_Anal.root
CondorOut/DYJetsToLL_M50_MC_20191005_Ntuple_99_Anal.root
CondorOut/DYJetsToLL_M50_MC_20191005_Ntuple_9_Anal.root
CondorOut/DYJetsToLL_Pt100To250_MC_20191005_Ntuple_1_Anal.root
CondorOut/DYJetsToLL_Pt100To250_MC_20191005_Ntuple_2_Anal.root
CondorOut/DYJetsToLL_Pt100To250_MC_20191005_Ntuple_3_Anal.root
CondorOut/DYJetsToLL_Pt100To250_MC_20191005_Ntuple_4_Anal.root
CondorOut/DYJetsToLL_Pt100To250_MC_20191005_Ntuple_5_Anal.root
CondorOut/DYJetsToLL_Pt100To250_MC_20191005_Ntuple_6_Anal.root
CondorOut/DYJetsToLL_Pt250To400_MC_20191005_Ntuple_1_Anal.root
CondorOut/DYJetsToLL_Pt250To400_MC_20191005_Ntuple_2_Anal.root
CondorOut/DYJetsToLL_Pt400To650_MC_20191005_Ntuple_1_Anal.root
CondorOut/DYJetsToLL_Pt50To100_MC_20191005_Ntuple_10_Anal.root
CondorOut/DYJetsToLL_Pt50To100_MC_20191005_Ntuple_11_Anal.root
CondorOut/DYJetsToLL_Pt50To100_MC_20191005_Ntuple_12_Anal.root
CondorOut/DYJetsToLL_Pt50To100_MC_20191005_Ntuple_13_Anal.root
CondorOut/DYJetsToLL_Pt50To100_MC_20191005_Ntuple_14_Anal.root
CondorOut/DYJetsToLL_Pt50To100_MC_20191005_Ntuple_15_Anal.root
CondorOut/DYJetsToLL_Pt50To100_MC_20191005_Ntuple_16_Anal.root
CondorOut/DYJetsToLL_Pt50To100_MC_20191005_Ntuple_17_Anal.root
CondorOut/DYJetsToLL_Pt50To100_MC_20191005_Ntuple_18_Anal.root
CondorOut/DYJetsToLL_Pt50To100_MC_20191005_Ntuple_19_Anal.root
CondorOut/DYJetsToLL_Pt50To100_MC_20191005_Ntuple_1_Anal.root
CondorOut/DYJetsToLL_Pt50To100_MC_20191005_Ntuple_20_Anal.root
CondorOut/DYJetsToLL_Pt50To100_MC_20191005_Ntuple_21_Anal.root
CondorOut/DYJetsToLL_Pt50To100_MC_20191005_Ntuple_22_Anal.root
CondorOut/DYJetsToLL_Pt50To100_MC_20191005_Ntuple_23_Anal.root
CondorOut/DYJetsToLL_Pt50To100_MC_20191005_Ntuple_24_Anal.root
CondorOut/DYJetsToLL_Pt50To100_MC_20191005_Ntuple_2_Anal.root
CondorOut/DYJetsToLL_Pt50To100_MC_20191005_Ntuple_3_Anal.root
CondorOut/DYJetsToLL_Pt50To100_MC_20191005_Ntuple_4_Anal.root
CondorOut/DYJetsToLL_Pt50To100_MC_20191005_Ntuple_5_Anal.root
CondorOut/DYJetsToLL_Pt50To100_MC_20191005_Ntuple_6_Anal.root
CondorOut/DYJetsToLL_Pt50To100_MC_20191005_Ntuple_7_Anal.root
CondorOut/DYJetsToLL_Pt50To100_MC_20191005_Ntuple_8_Anal.root
CondorOut/DYJetsToLL_Pt50To100_MC_20191005_Ntuple_9_Anal.root
CondorOut/DYJetsToLL_Pt650ToInf_MC_20191005_Ntuple_1_Anal.root
CondorOut/DYJetsToLL_Pt650ToInf_MC_20191005_Ntuple_2_Anal.root
CondorOut/DYJetsToLL_Pt650ToInf_MC_20191005_Ntuple_3_Anal.root
CondorOut/EleRunBver2v2_Data_20191006_Ntuple_100_Anal.root
CondorOut/EleRunBver2v2_Data_20191006_Ntuple_101_Anal.root
CondorOut/EleRunBver2v2_Data_20191006_Ntuple_102_Anal.root
CondorOut/EleRunBver2v2_Data_20191006_Ntuple_103_Anal.root
CondorOut/EleRunBver2v2_Data_20191006_Ntuple_104_Anal.root
CondorOut/EleRunBver2v2_Data_20191006_Ntuple_105_Anal.root
CondorOut/EleRunBver2v2_Data_20191006_Ntuple_106_Anal.root
CondorOut/EleRunBver2v2_Data_20191006_Ntuple_10_Anal.root
CondorOut/EleRunBver2v2_Data_20191006_Ntuple_11_Anal.root
CondorOut/EleRunBver2v2_Data_20191006_Ntuple_12_Anal.root
CondorOut/EleRunBver2v2_Data_20191006_Ntuple_13_Anal.root
CondorOut/EleRunBver2v2_Data_20191006_Ntuple_14_Anal.root
CondorOut/EleRunBver2v2_Data_20191006_Ntuple_15_Anal.root
CondorOut/EleRunBver2v2_Data_20191006_Ntuple_16_Anal.root
CondorOut/EleRunBver2v2_Data_20191006_Ntuple_17_Anal.root
CondorOut/EleRunBver2v2_Data_20191006_Ntuple_18_Anal.root
CondorOut/EleRunBver2v2_Data_20191006_Ntuple_19_Anal.root
CondorOut/EleRunBver2v2_Data_20191006_Ntuple_1_Anal.root
CondorOut/EleRunBver2v2_Data_20191006_Ntuple_20_Anal.root
CondorOut/EleRunBver2v2_Data_20191006_Ntuple_21_Anal.root
CondorOut/EleRunBver2v2_Data_20191006_Ntuple_22_Anal.root
CondorOut/EleRunBver2v2_Data_20191006_Ntuple_23_Anal.root
CondorOut/EleRunBver2v2_Data_20191006_Ntuple_24_Anal.root
CondorOut/EleRunBver2v2_Data_20191006_Ntuple_25_Anal.root
CondorOut/EleRunBver2v2_Data_20191006_Ntuple_26_Anal.root
CondorOut/EleRunBver2v2_Data_20191006_Ntuple_27_Anal.root
CondorOut/EleRunBver2v2_Data_20191006_Ntuple_28_Anal.root
CondorOut/EleRunBver2v2_Data_20191006_Ntuple_29_Anal.root
CondorOut/EleRunBver2v2_Data_20191006_Ntuple_2_Anal.root
CondorOut/EleRunBver2v2_Data_20191006_Ntuple_30_Anal.root
CondorOut/EleRunBver2v2_Data_20191006_Ntuple_31_Anal.root
CondorOut/EleRunBver2v2_Data_20191006_Ntuple_32_Anal.root
CondorOut/EleRunBver2v2_Data_20191006_Ntuple_33_Anal.root
CondorOut/EleRunBver2v2_Data_20191006_Ntuple_34_Anal.root
CondorOut/EleRunBver2v2_Data_20191006_Ntuple_35_Anal.root
CondorOut/EleRunBver2v2_Data_20191006_Ntuple_36_Anal.root
CondorOut/EleRunBver2v2_Data_20191006_Ntuple_37_Anal.root
CondorOut/EleRunBver2v2_Data_20191006_Ntuple_38_Anal.root
CondorOut/EleRunBver2v2_Data_20191006_Ntuple_39_Anal.root
CondorOut/EleRunBver2v2_Data_20191006_Ntuple_3_Anal.root
CondorOut/EleRunBver2v2_Data_20191006_Ntuple_40_Anal.root
CondorOut/EleRunBver2v2_Data_20191006_Ntuple_41_Anal.root
CondorOut/EleRunBver2v2_Data_20191006_Ntuple_42_Anal.root
CondorOut/EleRunBver2v2_Data_20191006_Ntuple_43_Anal.root
CondorOut/EleRunBver2v2_Data_20191006_Ntuple_44_Anal.root
CondorOut/EleRunBver2v2_Data_20191006_Ntuple_45_Anal.root
CondorOut/EleRunBver2v2_Data_20191006_Ntuple_46_Anal.root
CondorOut/EleRunBver2v2_Data_20191006_Ntuple_47_Anal.root
CondorOut/EleRunBver2v2_Data_20191006_Ntuple_48_Anal.root
CondorOut/EleRunBver2v2_Data_20191006_Ntuple_49_Anal.root
CondorOut/EleRunBver2v2_Data_20191006_Ntuple_4_Anal.root
CondorOut/EleRunBver2v2_Data_20191006_Ntuple_50_Anal.root
CondorOut/EleRunBver2v2_Data_20191006_Ntuple_51_Anal.root
CondorOut/EleRunBver2v2_Data_20191006_Ntuple_52_Anal.root
CondorOut/EleRunBver2v2_Data_20191006_Ntuple_53_Anal.root
CondorOut/EleRunBver2v2_Data_20191006_Ntuple_54_Anal.root
CondorOut/EleRunBver2v2_Data_20191006_Ntuple_55_Anal.root
CondorOut/EleRunBver2v2_Data_20191006_Ntuple_56_Anal.root
CondorOut/EleRunBver2v2_Data_20191006_Ntuple_57_Anal.root
CondorOut/EleRunBver2v2_Data_20191006_Ntuple_58_Anal.root
CondorOut/EleRunBver2v2_Data_20191006_Ntuple_59_Anal.root
CondorOut/EleRunBver2v2_Data_20191006_Ntuple_5_Anal.root
CondorOut/EleRunBver2v2_Data_20191006_Ntuple_60_Anal.root
CondorOut/EleRunBver2v2_Data_20191006_Ntuple_61_Anal.root
CondorOut/EleRunBver2v2_Data_20191006_Ntuple_62_Anal.root
CondorOut/EleRunBver2v2_Data_20191006_Ntuple_63_Anal.root
CondorOut/EleRunBver2v2_Data_20191006_Ntuple_64_Anal.root
CondorOut/EleRunBver2v2_Data_20191006_Ntuple_65_Anal.root
CondorOut/EleRunBver2v2_Data_20191006_Ntuple_66_Anal.root
CondorOut/EleRunBver2v2_Data_20191006_Ntuple_67_Anal.root
CondorOut/EleRunBver2v2_Data_20191006_Ntuple_68_Anal.root
CondorOut/EleRunBver2v2_Data_20191006_Ntuple_69_Anal.root
CondorOut/EleRunBver2v2_Data_20191006_Ntuple_6_Anal.root
CondorOut/EleRunBver2v2_Data_20191006_Ntuple_70_Anal.root
CondorOut/EleRunBver2v2_Data_20191006_Ntuple_71_Anal.root
CondorOut/EleRunBver2v2_Data_20191006_Ntuple_72_Anal.root
CondorOut/EleRunBver2v2_Data_20191006_Ntuple_73_Anal.root
CondorOut/EleRunBver2v2_Data_20191006_Ntuple_74_Anal.root
CondorOut/EleRunBver2v2_Data_20191006_Ntuple_75_Anal.root
CondorOut/EleRunBver2v2_Data_20191006_Ntuple_76_Anal.root
CondorOut/EleRunBver2v2_Data_20191006_Ntuple_77_Anal.root
CondorOut/EleRunBver2v2_Data_20191006_Ntuple_78_Anal.root
CondorOut/EleRunBver2v2_Data_20191006_Ntuple_79_Anal.root
CondorOut/EleRunBver2v2_Data_20191006_Ntuple_7_Anal.root
CondorOut/EleRunBver2v2_Data_20191006_Ntuple_80_Anal.root
CondorOut/EleRunBver2v2_Data_20191006_Ntuple_81_Anal.root
CondorOut/EleRunBver2v2_Data_20191006_Ntuple_82_Anal.root
CondorOut/EleRunBver2v2_Data_20191006_Ntuple_83_Anal.root
CondorOut/EleRunBver2v2_Data_20191006_Ntuple_84_Anal.root
CondorOut/EleRunBver2v2_Data_20191006_Ntuple_85_Anal.root
CondorOut/EleRunBver2v2_Data_20191006_Ntuple_86_Anal.root
CondorOut/EleRunBver2v2_Data_20191006_Ntuple_87_Anal.root
CondorOut/EleRunBver2v2_Data_20191006_Ntuple_88_Anal.root
CondorOut/EleRunBver2v2_Data_20191006_Ntuple_89_Anal.root
CondorOut/EleRunBver2v2_Data_20191006_Ntuple_8_Anal.root
CondorOut/EleRunBver2v2_Data_20191006_Ntuple_90_Anal.root
CondorOut/EleRunBver2v2_Data_20191006_Ntuple_91_Anal.root
CondorOut/EleRunBver2v2_Data_20191006_Ntuple_92_Anal.root
CondorOut/EleRunBver2v2_Data_20191006_Ntuple_93_Anal.root
CondorOut/EleRunBver2v2_Data_20191006_Ntuple_94_Anal.root
CondorOut/EleRunBver2v2_Data_20191006_Ntuple_95_Anal.root
CondorOut/EleRunBver2v2_Data_20191006_Ntuple_96_Anal.root
CondorOut/EleRunBver2v2_Data_20191006_Ntuple_97_Anal.root
CondorOut/EleRunBver2v2_Data_20191006_Ntuple_98_Anal.root
CondorOut/EleRunBver2v2_Data_20191006_Ntuple_99_Anal.root
CondorOut/EleRunBver2v2_Data_20191006_Ntuple_9_Anal.root
CondorOut/EleRunCv1_Data_20191005_Ntuple_10_Anal.root
CondorOut/EleRunCv1_Data_20191005_Ntuple_11_Anal.root
CondorOut/EleRunCv1_Data_20191005_Ntuple_12_Anal.root
CondorOut/EleRunCv1_Data_20191005_Ntuple_13_Anal.root
CondorOut/EleRunCv1_Data_20191005_Ntuple_14_Anal.root
CondorOut/EleRunCv1_Data_20191005_Ntuple_15_Anal.root
CondorOut/EleRunCv1_Data_20191005_Ntuple_16_Anal.root
CondorOut/EleRunCv1_Data_20191005_Ntuple_17_Anal.root
CondorOut/EleRunCv1_Data_20191005_Ntuple_18_Anal.root
CondorOut/EleRunCv1_Data_20191005_Ntuple_19_Anal.root
CondorOut/EleRunCv1_Data_20191005_Ntuple_1_Anal.root
CondorOut/EleRunCv1_Data_20191005_Ntuple_20_Anal.root
CondorOut/EleRunCv1_Data_20191005_Ntuple_21_Anal.root
CondorOut/EleRunCv1_Data_20191005_Ntuple_22_Anal.root
CondorOut/EleRunCv1_Data_20191005_Ntuple_23_Anal.root
CondorOut/EleRunCv1_Data_20191005_Ntuple_24_Anal.root
CondorOut/EleRunCv1_Data_20191005_Ntuple_25_Anal.root
CondorOut/EleRunCv1_Data_20191005_Ntuple_26_Anal.root
CondorOut/EleRunCv1_Data_20191005_Ntuple_27_Anal.root
CondorOut/EleRunCv1_Data_20191005_Ntuple_28_Anal.root
CondorOut/EleRunCv1_Data_20191005_Ntuple_29_Anal.root
CondorOut/EleRunCv1_Data_20191005_Ntuple_2_Anal.root
CondorOut/EleRunCv1_Data_20191005_Ntuple_30_Anal.root
CondorOut/EleRunCv1_Data_20191005_Ntuple_31_Anal.root
CondorOut/EleRunCv1_Data_20191005_Ntuple_32_Anal.root
CondorOut/EleRunCv1_Data_20191005_Ntuple_33_Anal.root
CondorOut/EleRunCv1_Data_20191005_Ntuple_34_Anal.root
CondorOut/EleRunCv1_Data_20191005_Ntuple_35_Anal.root
CondorOut/EleRunCv1_Data_20191005_Ntuple_36_Anal.root
CondorOut/EleRunCv1_Data_20191005_Ntuple_3_Anal.root
CondorOut/EleRunCv1_Data_20191005_Ntuple_4_Anal.root
CondorOut/EleRunCv1_Data_20191005_Ntuple_5_Anal.root
CondorOut/EleRunCv1_Data_20191005_Ntuple_6_Anal.root
CondorOut/EleRunCv1_Data_20191005_Ntuple_7_Anal.root
CondorOut/EleRunCv1_Data_20191005_Ntuple_8_Anal.root
CondorOut/EleRunCv1_Data_20191005_Ntuple_9_Anal.root
CondorOut/EleRunDv1_Data_20191005_Ntuple_10_Anal.root
CondorOut/EleRunDv1_Data_20191005_Ntuple_11_Anal.root
CondorOut/EleRunDv1_Data_20191005_Ntuple_12_Anal.root
CondorOut/EleRunDv1_Data_20191005_Ntuple_13_Anal.root
CondorOut/EleRunDv1_Data_20191005_Ntuple_14_Anal.root
CondorOut/EleRunDv1_Data_20191005_Ntuple_15_Anal.root
CondorOut/EleRunDv1_Data_20191005_Ntuple_16_Anal.root
CondorOut/EleRunDv1_Data_20191005_Ntuple_17_Anal.root
CondorOut/EleRunDv1_Data_20191005_Ntuple_18_Anal.root
CondorOut/EleRunDv1_Data_20191005_Ntuple_19_Anal.root
CondorOut/EleRunDv1_Data_20191005_Ntuple_1_Anal.root
CondorOut/EleRunDv1_Data_20191005_Ntuple_20_Anal.root
CondorOut/EleRunDv1_Data_20191005_Ntuple_21_Anal.root
CondorOut/EleRunDv1_Data_20191005_Ntuple_22_Anal.root
CondorOut/EleRunDv1_Data_20191005_Ntuple_23_Anal.root
CondorOut/EleRunDv1_Data_20191005_Ntuple_24_Anal.root
CondorOut/EleRunDv1_Data_20191005_Ntuple_25_Anal.root
CondorOut/EleRunDv1_Data_20191005_Ntuple_26_Anal.root
CondorOut/EleRunDv1_Data_20191005_Ntuple_27_Anal.root
CondorOut/EleRunDv1_Data_20191005_Ntuple_28_Anal.root
CondorOut/EleRunDv1_Data_20191005_Ntuple_29_Anal.root
CondorOut/EleRunDv1_Data_20191005_Ntuple_2_Anal.root
CondorOut/EleRunDv1_Data_20191005_Ntuple_30_Anal.root
CondorOut/EleRunDv1_Data_20191005_Ntuple_31_Anal.root
CondorOut/EleRunDv1_Data_20191005_Ntuple_32_Anal.root
CondorOut/EleRunDv1_Data_20191005_Ntuple_33_Anal.root
CondorOut/EleRunDv1_Data_20191005_Ntuple_34_Anal.root
CondorOut/EleRunDv1_Data_20191005_Ntuple_35_Anal.root
CondorOut/EleRunDv1_Data_20191005_Ntuple_36_Anal.root
CondorOut/EleRunDv1_Data_20191005_Ntuple_37_Anal.root
CondorOut/EleRunDv1_Data_20191005_Ntuple_38_Anal.root
CondorOut/EleRunDv1_Data_20191005_Ntuple_39_Anal.root
CondorOut/EleRunDv1_Data_20191005_Ntuple_3_Anal.root
CondorOut/EleRunDv1_Data_20191005_Ntuple_40_Anal.root
CondorOut/EleRunDv1_Data_20191005_Ntuple_41_Anal.root
CondorOut/EleRunDv1_Data_20191005_Ntuple_42_Anal.root
CondorOut/EleRunDv1_Data_20191005_Ntuple_43_Anal.root
CondorOut/EleRunDv1_Data_20191005_Ntuple_44_Anal.root
CondorOut/EleRunDv1_Data_20191005_Ntuple_45_Anal.root
CondorOut/EleRunDv1_Data_20191005_Ntuple_46_Anal.root
CondorOut/EleRunDv1_Data_20191005_Ntuple_47_Anal.root
CondorOut/EleRunDv1_Data_20191005_Ntuple_48_Anal.root
CondorOut/EleRunDv1_Data_20191005_Ntuple_49_Anal.root
CondorOut/EleRunDv1_Data_20191005_Ntuple_4_Anal.root
CondorOut/EleRunDv1_Data_20191005_Ntuple_50_Anal.root
CondorOut/EleRunDv1_Data_20191005_Ntuple_51_Anal.root
CondorOut/EleRunDv1_Data_20191005_Ntuple_52_Anal.root
CondorOut/EleRunDv1_Data_20191005_Ntuple_53_Anal.root
CondorOut/EleRunDv1_Data_20191005_Ntuple_54_Anal.root
CondorOut/EleRunDv1_Data_20191005_Ntuple_55_Anal.root
CondorOut/EleRunDv1_Data_20191005_Ntuple_56_Anal.root
CondorOut/EleRunDv1_Data_20191005_Ntuple_57_Anal.root
CondorOut/EleRunDv1_Data_20191005_Ntuple_58_Anal.root
CondorOut/EleRunDv1_Data_20191005_Ntuple_59_Anal.root
CondorOut/EleRunDv1_Data_20191005_Ntuple_5_Anal.root
CondorOut/EleRunDv1_Data_20191005_Ntuple_6_Anal.root
CondorOut/EleRunDv1_Data_20191005_Ntuple_7_Anal.root
CondorOut/EleRunDv1_Data_20191005_Ntuple_8_Anal.root
CondorOut/EleRunDv1_Data_20191005_Ntuple_9_Anal.root
CondorOut/EleRunEv1_Data_20191005_Ntuple_10_Anal.root
CondorOut/EleRunEv1_Data_20191005_Ntuple_11_Anal.root
CondorOut/EleRunEv1_Data_20191005_Ntuple_12_Anal.root
CondorOut/EleRunEv1_Data_20191005_Ntuple_13_Anal.root
CondorOut/EleRunEv1_Data_20191005_Ntuple_14_Anal.root
CondorOut/EleRunEv1_Data_20191005_Ntuple_15_Anal.root
CondorOut/EleRunEv1_Data_20191005_Ntuple_16_Anal.root
CondorOut/EleRunEv1_Data_20191005_Ntuple_17_Anal.root
CondorOut/EleRunEv1_Data_20191005_Ntuple_18_Anal.root
CondorOut/EleRunEv1_Data_20191005_Ntuple_19_Anal.root
CondorOut/EleRunEv1_Data_20191005_Ntuple_1_Anal.root
CondorOut/EleRunEv1_Data_20191005_Ntuple_20_Anal.root
CondorOut/EleRunEv1_Data_20191005_Ntuple_21_Anal.root
CondorOut/EleRunEv1_Data_20191005_Ntuple_22_Anal.root
CondorOut/EleRunEv1_Data_20191005_Ntuple_23_Anal.root
CondorOut/EleRunEv1_Data_20191005_Ntuple_24_Anal.root
CondorOut/EleRunEv1_Data_20191005_Ntuple_25_Anal.root
CondorOut/EleRunEv1_Data_20191005_Ntuple_26_Anal.root
CondorOut/EleRunEv1_Data_20191005_Ntuple_27_Anal.root
CondorOut/EleRunEv1_Data_20191005_Ntuple_28_Anal.root
CondorOut/EleRunEv1_Data_20191005_Ntuple_29_Anal.root
CondorOut/EleRunEv1_Data_20191005_Ntuple_2_Anal.root
CondorOut/EleRunEv1_Data_20191005_Ntuple_30_Anal.root
CondorOut/EleRunEv1_Data_20191005_Ntuple_31_Anal.root
CondorOut/EleRunEv1_Data_20191005_Ntuple_32_Anal.root
CondorOut/EleRunEv1_Data_20191005_Ntuple_33_Anal.root
CondorOut/EleRunEv1_Data_20191005_Ntuple_34_Anal.root
CondorOut/EleRunEv1_Data_20191005_Ntuple_35_Anal.root
CondorOut/EleRunEv1_Data_20191005_Ntuple_36_Anal.root
CondorOut/EleRunEv1_Data_20191005_Ntuple_37_Anal.root
CondorOut/EleRunEv1_Data_20191005_Ntuple_38_Anal.root
CondorOut/EleRunEv1_Data_20191005_Ntuple_39_Anal.root
CondorOut/EleRunEv1_Data_20191005_Ntuple_3_Anal.root
CondorOut/EleRunEv1_Data_20191005_Ntuple_40_Anal.root
CondorOut/EleRunEv1_Data_20191005_Ntuple_41_Anal.root
CondorOut/EleRunEv1_Data_20191005_Ntuple_42_Anal.root
CondorOut/EleRunEv1_Data_20191005_Ntuple_43_Anal.root
CondorOut/EleRunEv1_Data_20191005_Ntuple_44_Anal.root
CondorOut/EleRunEv1_Data_20191005_Ntuple_45_Anal.root
CondorOut/EleRunEv1_Data_20191005_Ntuple_46_Anal.root
CondorOut/EleRunEv1_Data_20191005_Ntuple_47_Anal.root
CondorOut/EleRunEv1_Data_20191005_Ntuple_48_Anal.root
CondorOut/EleRunEv1_Data_20191005_Ntuple_49_Anal.root
CondorOut/EleRunEv1_Data_20191005_Ntuple_4_Anal.root
CondorOut/EleRunEv1_Data_20191005_Ntuple_50_Anal.root
CondorOut/EleRunEv1_Data_20191005_Ntuple_5_Anal.root
CondorOut/EleRunEv1_Data_20191005_Ntuple_6_Anal.root
CondorOut/EleRunEv1_Data_20191005_Ntuple_7_Anal.root
CondorOut/EleRunEv1_Data_20191005_Ntuple_8_Anal.root
CondorOut/EleRunEv1_Data_20191005_Ntuple_9_Anal.root
CondorOut/EleRunFv1_Data_20191005_Ntuple_10_Anal.root
CondorOut/EleRunFv1_Data_20191005_Ntuple_11_Anal.root
CondorOut/EleRunFv1_Data_20191005_Ntuple_12_Anal.root
CondorOut/EleRunFv1_Data_20191005_Ntuple_13_Anal.root
CondorOut/EleRunFv1_Data_20191005_Ntuple_14_Anal.root
CondorOut/EleRunFv1_Data_20191005_Ntuple_15_Anal.root
CondorOut/EleRunFv1_Data_20191005_Ntuple_16_Anal.root
CondorOut/EleRunFv1_Data_20191005_Ntuple_17_Anal.root
CondorOut/EleRunFv1_Data_20191005_Ntuple_18_Anal.root
CondorOut/EleRunFv1_Data_20191005_Ntuple_19_Anal.root
CondorOut/EleRunFv1_Data_20191005_Ntuple_1_Anal.root
CondorOut/EleRunFv1_Data_20191005_Ntuple_20_Anal.root
CondorOut/EleRunFv1_Data_20191005_Ntuple_21_Anal.root
CondorOut/EleRunFv1_Data_20191005_Ntuple_22_Anal.root
CondorOut/EleRunFv1_Data_20191005_Ntuple_23_Anal.root
CondorOut/EleRunFv1_Data_20191005_Ntuple_24_Anal.root
CondorOut/EleRunFv1_Data_20191005_Ntuple_25_Anal.root
CondorOut/EleRunFv1_Data_20191005_Ntuple_26_Anal.root
CondorOut/EleRunFv1_Data_20191005_Ntuple_27_Anal.root
CondorOut/EleRunFv1_Data_20191005_Ntuple_28_Anal.root
CondorOut/EleRunFv1_Data_20191005_Ntuple_29_Anal.root
CondorOut/EleRunFv1_Data_20191005_Ntuple_2_Anal.root
CondorOut/EleRunFv1_Data_20191005_Ntuple_30_Anal.root
CondorOut/EleRunFv1_Data_20191005_Ntuple_31_Anal.root
CondorOut/EleRunFv1_Data_20191005_Ntuple_32_Anal.root
CondorOut/EleRunFv1_Data_20191005_Ntuple_33_Anal.root
CondorOut/EleRunFv1_Data_20191005_Ntuple_34_Anal.root
CondorOut/EleRunFv1_Data_20191005_Ntuple_35_Anal.root
CondorOut/EleRunFv1_Data_20191005_Ntuple_36_Anal.root
CondorOut/EleRunFv1_Data_20191005_Ntuple_37_Anal.root
CondorOut/EleRunFv1_Data_20191005_Ntuple_3_Anal.root
CondorOut/EleRunFv1_Data_20191005_Ntuple_4_Anal.root
CondorOut/EleRunFv1_Data_20191005_Ntuple_5_Anal.root
CondorOut/EleRunFv1_Data_20191005_Ntuple_6_Anal.root
CondorOut/EleRunFv1_Data_20191005_Ntuple_7_Anal.root
CondorOut/EleRunFv1_Data_20191005_Ntuple_8_Anal.root
CondorOut/EleRunFv1_Data_20191005_Ntuple_9_Anal.root
CondorOut/EleRunGv1_Data_20191005_Ntuple_10_Anal.root
CondorOut/EleRunGv1_Data_20191005_Ntuple_11_Anal.root
CondorOut/EleRunGv1_Data_20191005_Ntuple_12_Anal.root
CondorOut/EleRunGv1_Data_20191005_Ntuple_13_Anal.root
CondorOut/EleRunGv1_Data_20191005_Ntuple_14_Anal.root
CondorOut/EleRunGv1_Data_20191005_Ntuple_15_Anal.root
CondorOut/EleRunGv1_Data_20191005_Ntuple_16_Anal.root
CondorOut/EleRunGv1_Data_20191005_Ntuple_17_Anal.root
CondorOut/EleRunGv1_Data_20191005_Ntuple_18_Anal.root
CondorOut/EleRunGv1_Data_20191005_Ntuple_19_Anal.root
CondorOut/EleRunGv1_Data_20191005_Ntuple_1_Anal.root
CondorOut/EleRunGv1_Data_20191005_Ntuple_20_Anal.root
CondorOut/EleRunGv1_Data_20191005_Ntuple_21_Anal.root
CondorOut/EleRunGv1_Data_20191005_Ntuple_22_Anal.root
CondorOut/EleRunGv1_Data_20191005_Ntuple_23_Anal.root
CondorOut/EleRunGv1_Data_20191005_Ntuple_24_Anal.root
CondorOut/EleRunGv1_Data_20191005_Ntuple_25_Anal.root
CondorOut/EleRunGv1_Data_20191005_Ntuple_26_Anal.root
CondorOut/EleRunGv1_Data_20191005_Ntuple_27_Anal.root
CondorOut/EleRunGv1_Data_20191005_Ntuple_28_Anal.root
CondorOut/EleRunGv1_Data_20191005_Ntuple_29_Anal.root
CondorOut/EleRunGv1_Data_20191005_Ntuple_2_Anal.root
CondorOut/EleRunGv1_Data_20191005_Ntuple_30_Anal.root
CondorOut/EleRunGv1_Data_20191005_Ntuple_31_Anal.root
CondorOut/EleRunGv1_Data_20191005_Ntuple_32_Anal.root
CondorOut/EleRunGv1_Data_20191005_Ntuple_33_Anal.root
CondorOut/EleRunGv1_Data_20191005_Ntuple_34_Anal.root
CondorOut/EleRunGv1_Data_20191005_Ntuple_35_Anal.root
CondorOut/EleRunGv1_Data_20191005_Ntuple_36_Anal.root
CondorOut/EleRunGv1_Data_20191005_Ntuple_37_Anal.root
CondorOut/EleRunGv1_Data_20191005_Ntuple_38_Anal.root
CondorOut/EleRunGv1_Data_20191005_Ntuple_39_Anal.root
CondorOut/EleRunGv1_Data_20191005_Ntuple_3_Anal.root
CondorOut/EleRunGv1_Data_20191005_Ntuple_40_Anal.root
CondorOut/EleRunGv1_Data_20191005_Ntuple_41_Anal.root
CondorOut/EleRunGv1_Data_20191005_Ntuple_42_Anal.root
CondorOut/EleRunGv1_Data_20191005_Ntuple_43_Anal.root
CondorOut/EleRunGv1_Data_20191005_Ntuple_44_Anal.root
CondorOut/EleRunGv1_Data_20191005_Ntuple_45_Anal.root
CondorOut/EleRunGv1_Data_20191005_Ntuple_46_Anal.root
CondorOut/EleRunGv1_Data_20191005_Ntuple_47_Anal.root
CondorOut/EleRunGv1_Data_20191005_Ntuple_48_Anal.root
CondorOut/EleRunGv1_Data_20191005_Ntuple_49_Anal.root
CondorOut/EleRunGv1_Data_20191005_Ntuple_4_Anal.root
CondorOut/EleRunGv1_Data_20191005_Ntuple_50_Anal.root
CondorOut/EleRunGv1_Data_20191005_Ntuple_51_Anal.root
CondorOut/EleRunGv1_Data_20191005_Ntuple_52_Anal.root
CondorOut/EleRunGv1_Data_20191005_Ntuple_53_Anal.root
CondorOut/EleRunGv1_Data_20191005_Ntuple_54_Anal.root
CondorOut/EleRunGv1_Data_20191005_Ntuple_55_Anal.root
CondorOut/EleRunGv1_Data_20191005_Ntuple_56_Anal.root
CondorOut/EleRunGv1_Data_20191005_Ntuple_57_Anal.root
CondorOut/EleRunGv1_Data_20191005_Ntuple_58_Anal.root
CondorOut/EleRunGv1_Data_20191005_Ntuple_59_Anal.root
CondorOut/EleRunGv1_Data_20191005_Ntuple_5_Anal.root
CondorOut/EleRunGv1_Data_20191005_Ntuple_60_Anal.root
CondorOut/EleRunGv1_Data_20191005_Ntuple_61_Anal.root
CondorOut/EleRunGv1_Data_20191005_Ntuple_62_Anal.root
CondorOut/EleRunGv1_Data_20191005_Ntuple_63_Anal.root
CondorOut/EleRunGv1_Data_20191005_Ntuple_64_Anal.root
CondorOut/EleRunGv1_Data_20191005_Ntuple_65_Anal.root
CondorOut/EleRunGv1_Data_20191005_Ntuple_66_Anal.root
CondorOut/EleRunGv1_Data_20191005_Ntuple_67_Anal.root
CondorOut/EleRunGv1_Data_20191005_Ntuple_68_Anal.root
CondorOut/EleRunGv1_Data_20191005_Ntuple_69_Anal.root
CondorOut/EleRunGv1_Data_20191005_Ntuple_6_Anal.root
CondorOut/EleRunGv1_Data_20191005_Ntuple_70_Anal.root
CondorOut/EleRunGv1_Data_20191005_Ntuple_71_Anal.root
CondorOut/EleRunGv1_Data_20191005_Ntuple_72_Anal.root
CondorOut/EleRunGv1_Data_20191005_Ntuple_73_Anal.root
CondorOut/EleRunGv1_Data_20191005_Ntuple_74_Anal.root
CondorOut/EleRunGv1_Data_20191005_Ntuple_75_Anal.root
CondorOut/EleRunGv1_Data_20191005_Ntuple_76_Anal.root
CondorOut/EleRunGv1_Data_20191005_Ntuple_77_Anal.root
CondorOut/EleRunGv1_Data_20191005_Ntuple_78_Anal.root
CondorOut/EleRunGv1_Data_20191005_Ntuple_79_Anal.root
CondorOut/EleRunGv1_Data_20191005_Ntuple_7_Anal.root
CondorOut/EleRunGv1_Data_20191005_Ntuple_80_Anal.root
CondorOut/EleRunGv1_Data_20191005_Ntuple_81_Anal.root
CondorOut/EleRunGv1_Data_20191005_Ntuple_82_Anal.root
CondorOut/EleRunGv1_Data_20191005_Ntuple_83_Anal.root
CondorOut/EleRunGv1_Data_20191005_Ntuple_84_Anal.root
CondorOut/EleRunGv1_Data_20191005_Ntuple_85_Anal.root
CondorOut/EleRunGv1_Data_20191005_Ntuple_86_Anal.root
CondorOut/EleRunGv1_Data_20191005_Ntuple_8_Anal.root
CondorOut/EleRunGv1_Data_20191005_Ntuple_9_Anal.root
CondorOut/EleRunHver2v1_Data_20191005_Ntuple_10_Anal.root
CondorOut/EleRunHver2v1_Data_20191005_Ntuple_11_Anal.root
CondorOut/EleRunHver2v1_Data_20191005_Ntuple_12_Anal.root
CondorOut/EleRunHver2v1_Data_20191005_Ntuple_13_Anal.root
CondorOut/EleRunHver2v1_Data_20191005_Ntuple_14_Anal.root
CondorOut/EleRunHver2v1_Data_20191005_Ntuple_15_Anal.root
CondorOut/EleRunHver2v1_Data_20191005_Ntuple_16_Anal.root
CondorOut/EleRunHver2v1_Data_20191005_Ntuple_17_Anal.root
CondorOut/EleRunHver2v1_Data_20191005_Ntuple_18_Anal.root
CondorOut/EleRunHver2v1_Data_20191005_Ntuple_19_Anal.root
CondorOut/EleRunHver2v1_Data_20191005_Ntuple_1_Anal.root
CondorOut/EleRunHver2v1_Data_20191005_Ntuple_20_Anal.root
CondorOut/EleRunHver2v1_Data_20191005_Ntuple_21_Anal.root
CondorOut/EleRunHver2v1_Data_20191005_Ntuple_22_Anal.root
CondorOut/EleRunHver2v1_Data_20191005_Ntuple_23_Anal.root
CondorOut/EleRunHver2v1_Data_20191005_Ntuple_24_Anal.root
CondorOut/EleRunHver2v1_Data_20191005_Ntuple_25_Anal.root
CondorOut/EleRunHver2v1_Data_20191005_Ntuple_26_Anal.root
CondorOut/EleRunHver2v1_Data_20191005_Ntuple_27_Anal.root
CondorOut/EleRunHver2v1_Data_20191005_Ntuple_28_Anal.root
CondorOut/EleRunHver2v1_Data_20191005_Ntuple_29_Anal.root
CondorOut/EleRunHver2v1_Data_20191005_Ntuple_2_Anal.root
CondorOut/EleRunHver2v1_Data_20191005_Ntuple_30_Anal.root
CondorOut/EleRunHver2v1_Data_20191005_Ntuple_31_Anal.root
CondorOut/EleRunHver2v1_Data_20191005_Ntuple_32_Anal.root
CondorOut/EleRunHver2v1_Data_20191005_Ntuple_33_Anal.root
CondorOut/EleRunHver2v1_Data_20191005_Ntuple_34_Anal.root
CondorOut/EleRunHver2v1_Data_20191005_Ntuple_35_Anal.root
CondorOut/EleRunHver2v1_Data_20191005_Ntuple_36_Anal.root
CondorOut/EleRunHver2v1_Data_20191005_Ntuple_37_Anal.root
CondorOut/EleRunHver2v1_Data_20191005_Ntuple_38_Anal.root
CondorOut/EleRunHver2v1_Data_20191005_Ntuple_39_Anal.root
CondorOut/EleRunHver2v1_Data_20191005_Ntuple_3_Anal.root
CondorOut/EleRunHver2v1_Data_20191005_Ntuple_40_Anal.root
CondorOut/EleRunHver2v1_Data_20191005_Ntuple_41_Anal.root
CondorOut/EleRunHver2v1_Data_20191005_Ntuple_42_Anal.root
CondorOut/EleRunHver2v1_Data_20191005_Ntuple_43_Anal.root
CondorOut/EleRunHver2v1_Data_20191005_Ntuple_44_Anal.root
CondorOut/EleRunHver2v1_Data_20191005_Ntuple_45_Anal.root
CondorOut/EleRunHver2v1_Data_20191005_Ntuple_46_Anal.root
CondorOut/EleRunHver2v1_Data_20191005_Ntuple_47_Anal.root
CondorOut/EleRunHver2v1_Data_20191005_Ntuple_48_Anal.root
CondorOut/EleRunHver2v1_Data_20191005_Ntuple_49_Anal.root
CondorOut/EleRunHver2v1_Data_20191005_Ntuple_4_Anal.root
CondorOut/EleRunHver2v1_Data_20191005_Ntuple_50_Anal.root
CondorOut/EleRunHver2v1_Data_20191005_Ntuple_51_Anal.root
CondorOut/EleRunHver2v1_Data_20191005_Ntuple_52_Anal.root
CondorOut/EleRunHver2v1_Data_20191005_Ntuple_53_Anal.root
CondorOut/EleRunHver2v1_Data_20191005_Ntuple_54_Anal.root
CondorOut/EleRunHver2v1_Data_20191005_Ntuple_55_Anal.root
CondorOut/EleRunHver2v1_Data_20191005_Ntuple_56_Anal.root
CondorOut/EleRunHver2v1_Data_20191005_Ntuple_57_Anal.root
CondorOut/EleRunHver2v1_Data_20191005_Ntuple_58_Anal.root
CondorOut/EleRunHver2v1_Data_20191005_Ntuple_59_Anal.root
CondorOut/EleRunHver2v1_Data_20191005_Ntuple_5_Anal.root
CondorOut/EleRunHver2v1_Data_20191005_Ntuple_60_Anal.root
CondorOut/EleRunHver2v1_Data_20191005_Ntuple_61_Anal.root
CondorOut/EleRunHver2v1_Data_20191005_Ntuple_62_Anal.root
CondorOut/EleRunHver2v1_Data_20191005_Ntuple_63_Anal.root
CondorOut/EleRunHver2v1_Data_20191005_Ntuple_64_Anal.root
CondorOut/EleRunHver2v1_Data_20191005_Ntuple_65_Anal.root
CondorOut/EleRunHver2v1_Data_20191005_Ntuple_66_Anal.root
CondorOut/EleRunHver2v1_Data_20191005_Ntuple_67_Anal.root
CondorOut/EleRunHver2v1_Data_20191005_Ntuple_68_Anal.root
CondorOut/EleRunHver2v1_Data_20191005_Ntuple_69_Anal.root
CondorOut/EleRunHver2v1_Data_20191005_Ntuple_6_Anal.root
CondorOut/EleRunHver2v1_Data_20191005_Ntuple_70_Anal.root
CondorOut/EleRunHver2v1_Data_20191005_Ntuple_71_Anal.root
CondorOut/EleRunHver2v1_Data_20191005_Ntuple_72_Anal.root
CondorOut/EleRunHver2v1_Data_20191005_Ntuple_73_Anal.root
CondorOut/EleRunHver2v1_Data_20191005_Ntuple_74_Anal.root
CondorOut/EleRunHver2v1_Data_20191005_Ntuple_75_Anal.root
CondorOut/EleRunHver2v1_Data_20191005_Ntuple_76_Anal.root
CondorOut/EleRunHver2v1_Data_20191005_Ntuple_77_Anal.root
CondorOut/EleRunHver2v1_Data_20191005_Ntuple_78_Anal.root
CondorOut/EleRunHver2v1_Data_20191005_Ntuple_79_Anal.root
CondorOut/EleRunHver2v1_Data_20191005_Ntuple_7_Anal.root
CondorOut/EleRunHver2v1_Data_20191005_Ntuple_80_Anal.root
CondorOut/EleRunHver2v1_Data_20191005_Ntuple_81_Anal.root
CondorOut/EleRunHver2v1_Data_20191005_Ntuple_82_Anal.root
CondorOut/EleRunHver2v1_Data_20191005_Ntuple_83_Anal.root
CondorOut/EleRunHver2v1_Data_20191005_Ntuple_84_Anal.root
CondorOut/EleRunHver2v1_Data_20191005_Ntuple_85_Anal.root
CondorOut/EleRunHver2v1_Data_20191005_Ntuple_86_Anal.root
CondorOut/EleRunHver2v1_Data_20191005_Ntuple_87_Anal.root
CondorOut/EleRunHver2v1_Data_20191005_Ntuple_88_Anal.root
CondorOut/EleRunHver2v1_Data_20191005_Ntuple_89_Anal.root
CondorOut/EleRunHver2v1_Data_20191005_Ntuple_8_Anal.root
CondorOut/EleRunHver2v1_Data_20191005_Ntuple_90_Anal.root
CondorOut/EleRunHver2v1_Data_20191005_Ntuple_91_Anal.root
CondorOut/EleRunHver2v1_Data_20191005_Ntuple_92_Anal.root
CondorOut/EleRunHver2v1_Data_20191005_Ntuple_93_Anal.root
CondorOut/EleRunHver2v1_Data_20191005_Ntuple_9_Anal.root
CondorOut/EleRunHver3v1_Data_20191005_Ntuple_1_Anal.root
CondorOut/EleRunHver3v1_Data_20191005_Ntuple_2_Anal.root
CondorOut/EleRunHver3v1_Data_20191005_Ntuple_3_Anal.root
CondorOut/ExLepEEZ_M1000_MC_20191005_Ntuple_1_Anal.root
CondorOut/ExLepEEZ_M1000_MC_20191005_Ntuple_2_Anal.root
CondorOut/ExLepEEZ_M1000_MC_20191005_Ntuple_3_Anal.root
CondorOut/ExLepEEZ_M1000_MC_20191005_Ntuple_4_Anal.root
CondorOut/ExLepEEZ_M1250_MC_20191005_Ntuple_1_Anal.root
CondorOut/ExLepEEZ_M1250_MC_20191005_Ntuple_2_Anal.root
CondorOut/ExLepEEZ_M1250_MC_20191005_Ntuple_3_Anal.root
CondorOut/ExLepEEZ_M1500_MC_20191005_Ntuple_1_Anal.root
CondorOut/ExLepEEZ_M1500_MC_20191005_Ntuple_2_Anal.root
CondorOut/ExLepEEZ_M1750_MC_20191005_Ntuple_1_Anal.root
CondorOut/ExLepEEZ_M1750_MC_20191005_Ntuple_2_Anal.root
CondorOut/ExLepEEZ_M1750_MC_20191005_Ntuple_3_Anal.root
CondorOut/ExLepEEZ_M1750_MC_20191005_Ntuple_4_Anal.root
CondorOut/ExLepEEZ_M2000_MC_20191005_Ntuple_1_Anal.root
CondorOut/ExLepEEZ_M2000_MC_20191005_Ntuple_2_Anal.root
CondorOut/ExLepEEZ_M2000_MC_20191005_Ntuple_3_Anal.root
CondorOut/ExLepEEZ_M2500_MC_20191005_Ntuple_1_Anal.root
CondorOut/ExLepEEZ_M2500_MC_20191005_Ntuple_2_Anal.root
CondorOut/ExLepEEZ_M2500_MC_20191005_Ntuple_3_Anal.root
CondorOut/ExLepEEZ_M250_MC_20191005_Ntuple_1_Anal.root
CondorOut/ExLepEEZ_M250_MC_20191005_Ntuple_2_Anal.root
CondorOut/ExLepEEZ_M250_MC_20191005_Ntuple_3_Anal.root
CondorOut/ExLepEEZ_M3000_MC_20191005_Ntuple_1_Anal.root
CondorOut/ExLepEEZ_M3000_MC_20191005_Ntuple_2_Anal.root
CondorOut/ExLepEEZ_M3000_MC_20191005_Ntuple_3_Anal.root
CondorOut/ExLepEEZ_M3000_MC_20191005_Ntuple_4_Anal.root
CondorOut/ExLepEEZ_M3500_MC_20191005_Ntuple_1_Anal.root
CondorOut/ExLepEEZ_M3500_MC_20191005_Ntuple_2_Anal.root
CondorOut/ExLepEEZ_M3500_MC_20191005_Ntuple_3_Anal.root
CondorOut/ExLepEEZ_M3500_MC_20191005_Ntuple_4_Anal.root
CondorOut/ExLepEEZ_M3500_MC_20191005_Ntuple_5_Anal.root
CondorOut/ExLepEEZ_M4000_MC_20191005_Ntuple_1_Anal.root
CondorOut/ExLepEEZ_M4000_MC_20191005_Ntuple_2_Anal.root
CondorOut/ExLepEEZ_M4000_MC_20191005_Ntuple_3_Anal.root
CondorOut/ExLepEEZ_M4000_MC_20191005_Ntuple_4_Anal.root
CondorOut/ExLepEEZ_M4500_MC_20191005_Ntuple_1_Anal.root
CondorOut/ExLepEEZ_M4500_MC_20191005_Ntuple_2_Anal.root
CondorOut/ExLepEEZ_M4500_MC_20191005_Ntuple_3_Anal.root
CondorOut/ExLepEEZ_M4500_MC_20191005_Ntuple_4_Anal.root
CondorOut/ExLepEEZ_M5000_MC_20191005_Ntuple_1_Anal.root
CondorOut/ExLepEEZ_M5000_MC_20191005_Ntuple_2_Anal.root
CondorOut/ExLepEEZ_M5000_MC_20191005_Ntuple_3_Anal.root
CondorOut/ExLepEEZ_M5000_MC_20191005_Ntuple_4_Anal.root
CondorOut/ExLepEEZ_M5000_MC_20191005_Ntuple_5_Anal.root
CondorOut/ExLepEEZ_M500_MC_20191005_Ntuple_1_Anal.root
CondorOut/ExLepEEZ_M500_MC_20191005_Ntuple_2_Anal.root
CondorOut/ExLepEEZ_M500_MC_20191005_Ntuple_3_Anal.root
CondorOut/ExLepEEZ_M500_MC_20191005_Ntuple_4_Anal.root
CondorOut/ExLepEEZ_M750_MC_20191005_Ntuple_1_Anal.root
CondorOut/ExLepEEZ_M750_MC_20191005_Ntuple_2_Anal.root
CondorOut/ExLepEEZ_M750_MC_20191005_Ntuple_3_Anal.root
CondorOut/ExLepEEZ_M750_MC_20191005_Ntuple_4_Anal.root
CondorOut/ExLepMuMuZ_M1000_MC_20191005_Ntuple_1_Anal.root
CondorOut/ExLepMuMuZ_M1000_MC_20191005_Ntuple_2_Anal.root
CondorOut/ExLepMuMuZ_M1000_MC_20191005_Ntuple_3_Anal.root
CondorOut/ExLepMuMuZ_M1250_MC_20191005_Ntuple_1_Anal.root
CondorOut/ExLepMuMuZ_M1250_MC_20191005_Ntuple_2_Anal.root
CondorOut/ExLepMuMuZ_M1500_MC_20191005_Ntuple_1_Anal.root
CondorOut/ExLepMuMuZ_M1500_MC_20191005_Ntuple_2_Anal.root
CondorOut/ExLepMuMuZ_M1750_MC_20191005_Ntuple_1_Anal.root
CondorOut/ExLepMuMuZ_M1750_MC_20191005_Ntuple_2_Anal.root
CondorOut/ExLepMuMuZ_M1750_MC_20191005_Ntuple_3_Anal.root
CondorOut/ExLepMuMuZ_M2000_MC_20191005_Ntuple_1_Anal.root
CondorOut/ExLepMuMuZ_M2000_MC_20191005_Ntuple_2_Anal.root
CondorOut/ExLepMuMuZ_M2000_MC_20191005_Ntuple_3_Anal.root
CondorOut/ExLepMuMuZ_M2500_MC_20191005_Ntuple_1_Anal.root
CondorOut/ExLepMuMuZ_M2500_MC_20191005_Ntuple_2_Anal.root
CondorOut/ExLepMuMuZ_M250_MC_20191007_Ntuple_1_Anal.root
CondorOut/ExLepMuMuZ_M250_MC_20191007_Ntuple_2_Anal.root
CondorOut/ExLepMuMuZ_M250_MC_20191007_Ntuple_3_Anal.root
CondorOut/ExLepMuMuZ_M3000_MC_20191005_Ntuple_1_Anal.root
CondorOut/ExLepMuMuZ_M3000_MC_20191005_Ntuple_2_Anal.root
CondorOut/ExLepMuMuZ_M3000_MC_20191005_Ntuple_3_Anal.root
CondorOut/ExLepMuMuZ_M3500_MC_20191005_Ntuple_1_Anal.root
CondorOut/ExLepMuMuZ_M3500_MC_20191005_Ntuple_2_Anal.root
CondorOut/ExLepMuMuZ_M4000_MC_20191005_Ntuple_1_Anal.root
CondorOut/ExLepMuMuZ_M4000_MC_20191005_Ntuple_2_Anal.root
CondorOut/ExLepMuMuZ_M4500_MC_20191005_Ntuple_1_Anal.root
CondorOut/ExLepMuMuZ_M4500_MC_20191005_Ntuple_2_Anal.root
CondorOut/ExLepMuMuZ_M4500_MC_20191005_Ntuple_3_Anal.root
CondorOut/ExLepMuMuZ_M4500_MC_20191005_Ntuple_4_Anal.root
CondorOut/ExLepMuMuZ_M5000_MC_20191005_Ntuple_1_Anal.root
CondorOut/ExLepMuMuZ_M5000_MC_20191005_Ntuple_2_Anal.root
CondorOut/ExLepMuMuZ_M5000_MC_20191005_Ntuple_3_Anal.root
CondorOut/ExLepMuMuZ_M5000_MC_20191005_Ntuple_4_Anal.root
CondorOut/ExLepMuMuZ_M5000_MC_20191005_Ntuple_5_Anal.root
CondorOut/ExLepMuMuZ_M500_MC_20191005_Ntuple_1_Anal.root
CondorOut/ExLepMuMuZ_M500_MC_20191005_Ntuple_2_Anal.root
CondorOut/ExLepMuMuZ_M750_MC_20191005_Ntuple_1_Anal.root
CondorOut/ExLepMuMuZ_M750_MC_20191005_Ntuple_2_Anal.root
CondorOut/ExLepMuMuZ_M750_MC_20191005_Ntuple_3_Anal.root
CondorOut/MuRunB2v2_Data_20191005_Ntuple_100_Anal.root
CondorOut/MuRunB2v2_Data_20191005_Ntuple_101_Anal.root
CondorOut/MuRunB2v2_Data_20191005_Ntuple_102_Anal.root
CondorOut/MuRunB2v2_Data_20191005_Ntuple_103_Anal.root
CondorOut/MuRunB2v2_Data_20191005_Ntuple_104_Anal.root
CondorOut/MuRunB2v2_Data_20191005_Ntuple_105_Anal.root
CondorOut/MuRunB2v2_Data_20191005_Ntuple_106_Anal.root
CondorOut/MuRunB2v2_Data_20191005_Ntuple_10_Anal.root
CondorOut/MuRunB2v2_Data_20191005_Ntuple_11_Anal.root
CondorOut/MuRunB2v2_Data_20191005_Ntuple_12_Anal.root
CondorOut/MuRunB2v2_Data_20191005_Ntuple_13_Anal.root
CondorOut/MuRunB2v2_Data_20191005_Ntuple_14_Anal.root
CondorOut/MuRunB2v2_Data_20191005_Ntuple_15_Anal.root
CondorOut/MuRunB2v2_Data_20191005_Ntuple_16_Anal.root
CondorOut/MuRunB2v2_Data_20191005_Ntuple_17_Anal.root
CondorOut/MuRunB2v2_Data_20191005_Ntuple_18_Anal.root
CondorOut/MuRunB2v2_Data_20191005_Ntuple_19_Anal.root
CondorOut/MuRunB2v2_Data_20191005_Ntuple_1_Anal.root
CondorOut/MuRunB2v2_Data_20191005_Ntuple_20_Anal.root
CondorOut/MuRunB2v2_Data_20191005_Ntuple_21_Anal.root
CondorOut/MuRunB2v2_Data_20191005_Ntuple_22_Anal.root
CondorOut/MuRunB2v2_Data_20191005_Ntuple_23_Anal.root
CondorOut/MuRunB2v2_Data_20191005_Ntuple_24_Anal.root
CondorOut/MuRunB2v2_Data_20191005_Ntuple_25_Anal.root
CondorOut/MuRunB2v2_Data_20191005_Ntuple_26_Anal.root
CondorOut/MuRunB2v2_Data_20191005_Ntuple_27_Anal.root
CondorOut/MuRunB2v2_Data_20191005_Ntuple_28_Anal.root
CondorOut/MuRunB2v2_Data_20191005_Ntuple_29_Anal.root
CondorOut/MuRunB2v2_Data_20191005_Ntuple_2_Anal.root
CondorOut/MuRunB2v2_Data_20191005_Ntuple_30_Anal.root
CondorOut/MuRunB2v2_Data_20191005_Ntuple_31_Anal.root
CondorOut/MuRunB2v2_Data_20191005_Ntuple_32_Anal.root
CondorOut/MuRunB2v2_Data_20191005_Ntuple_33_Anal.root
CondorOut/MuRunB2v2_Data_20191005_Ntuple_34_Anal.root
CondorOut/MuRunB2v2_Data_20191005_Ntuple_35_Anal.root
CondorOut/MuRunB2v2_Data_20191005_Ntuple_36_Anal.root
CondorOut/MuRunB2v2_Data_20191005_Ntuple_37_Anal.root
CondorOut/MuRunB2v2_Data_20191005_Ntuple_38_Anal.root
CondorOut/MuRunB2v2_Data_20191005_Ntuple_39_Anal.root
CondorOut/MuRunB2v2_Data_20191005_Ntuple_3_Anal.root
CondorOut/MuRunB2v2_Data_20191005_Ntuple_40_Anal.root
CondorOut/MuRunB2v2_Data_20191005_Ntuple_41_Anal.root
CondorOut/MuRunB2v2_Data_20191005_Ntuple_42_Anal.root
CondorOut/MuRunB2v2_Data_20191005_Ntuple_43_Anal.root
CondorOut/MuRunB2v2_Data_20191005_Ntuple_44_Anal.root
CondorOut/MuRunB2v2_Data_20191005_Ntuple_45_Anal.root
CondorOut/MuRunB2v2_Data_20191005_Ntuple_46_Anal.root
CondorOut/MuRunB2v2_Data_20191005_Ntuple_47_Anal.root
CondorOut/MuRunB2v2_Data_20191005_Ntuple_48_Anal.root
CondorOut/MuRunB2v2_Data_20191005_Ntuple_49_Anal.root
CondorOut/MuRunB2v2_Data_20191005_Ntuple_4_Anal.root
CondorOut/MuRunB2v2_Data_20191005_Ntuple_50_Anal.root
CondorOut/MuRunB2v2_Data_20191005_Ntuple_51_Anal.root
CondorOut/MuRunB2v2_Data_20191005_Ntuple_52_Anal.root
CondorOut/MuRunB2v2_Data_20191005_Ntuple_53_Anal.root
CondorOut/MuRunB2v2_Data_20191005_Ntuple_54_Anal.root
CondorOut/MuRunB2v2_Data_20191005_Ntuple_55_Anal.root
CondorOut/MuRunB2v2_Data_20191005_Ntuple_56_Anal.root
CondorOut/MuRunB2v2_Data_20191005_Ntuple_57_Anal.root
CondorOut/MuRunB2v2_Data_20191005_Ntuple_58_Anal.root
CondorOut/MuRunB2v2_Data_20191005_Ntuple_59_Anal.root
CondorOut/MuRunB2v2_Data_20191005_Ntuple_5_Anal.root
CondorOut/MuRunB2v2_Data_20191005_Ntuple_60_Anal.root
CondorOut/MuRunB2v2_Data_20191005_Ntuple_61_Anal.root
CondorOut/MuRunB2v2_Data_20191005_Ntuple_62_Anal.root
CondorOut/MuRunB2v2_Data_20191005_Ntuple_63_Anal.root
CondorOut/MuRunB2v2_Data_20191005_Ntuple_64_Anal.root
CondorOut/MuRunB2v2_Data_20191005_Ntuple_65_Anal.root
CondorOut/MuRunB2v2_Data_20191005_Ntuple_66_Anal.root
CondorOut/MuRunB2v2_Data_20191005_Ntuple_67_Anal.root
CondorOut/MuRunB2v2_Data_20191005_Ntuple_68_Anal.root
CondorOut/MuRunB2v2_Data_20191005_Ntuple_69_Anal.root
CondorOut/MuRunB2v2_Data_20191005_Ntuple_6_Anal.root
CondorOut/MuRunB2v2_Data_20191005_Ntuple_70_Anal.root
CondorOut/MuRunB2v2_Data_20191005_Ntuple_71_Anal.root
CondorOut/MuRunB2v2_Data_20191005_Ntuple_72_Anal.root
CondorOut/MuRunB2v2_Data_20191005_Ntuple_73_Anal.root
CondorOut/MuRunB2v2_Data_20191005_Ntuple_74_Anal.root
CondorOut/MuRunB2v2_Data_20191005_Ntuple_75_Anal.root
CondorOut/MuRunB2v2_Data_20191005_Ntuple_76_Anal.root
CondorOut/MuRunB2v2_Data_20191005_Ntuple_77_Anal.root
CondorOut/MuRunB2v2_Data_20191005_Ntuple_78_Anal.root
CondorOut/MuRunB2v2_Data_20191005_Ntuple_79_Anal.root
CondorOut/MuRunB2v2_Data_20191005_Ntuple_7_Anal.root
CondorOut/MuRunB2v2_Data_20191005_Ntuple_80_Anal.root
CondorOut/MuRunB2v2_Data_20191005_Ntuple_81_Anal.root
CondorOut/MuRunB2v2_Data_20191005_Ntuple_82_Anal.root
CondorOut/MuRunB2v2_Data_20191005_Ntuple_83_Anal.root
CondorOut/MuRunB2v2_Data_20191005_Ntuple_84_Anal.root
CondorOut/MuRunB2v2_Data_20191005_Ntuple_85_Anal.root
CondorOut/MuRunB2v2_Data_20191005_Ntuple_86_Anal.root
CondorOut/MuRunB2v2_Data_20191005_Ntuple_87_Anal.root
CondorOut/MuRunB2v2_Data_20191005_Ntuple_88_Anal.root
CondorOut/MuRunB2v2_Data_20191005_Ntuple_89_Anal.root
CondorOut/MuRunB2v2_Data_20191005_Ntuple_8_Anal.root
CondorOut/MuRunB2v2_Data_20191005_Ntuple_90_Anal.root
CondorOut/MuRunB2v2_Data_20191005_Ntuple_91_Anal.root
CondorOut/MuRunB2v2_Data_20191005_Ntuple_92_Anal.root
CondorOut/MuRunB2v2_Data_20191005_Ntuple_93_Anal.root
CondorOut/MuRunB2v2_Data_20191005_Ntuple_94_Anal.root
CondorOut/MuRunB2v2_Data_20191005_Ntuple_95_Anal.root
CondorOut/MuRunB2v2_Data_20191005_Ntuple_96_Anal.root
CondorOut/MuRunB2v2_Data_20191005_Ntuple_97_Anal.root
CondorOut/MuRunB2v2_Data_20191005_Ntuple_98_Anal.root
CondorOut/MuRunB2v2_Data_20191005_Ntuple_99_Anal.root
CondorOut/MuRunB2v2_Data_20191005_Ntuple_9_Anal.root
CondorOut/MuRunCv1_Data_20191005_Ntuple_10_Anal.root
CondorOut/MuRunCv1_Data_20191005_Ntuple_11_Anal.root
CondorOut/MuRunCv1_Data_20191005_Ntuple_12_Anal.root
CondorOut/MuRunCv1_Data_20191005_Ntuple_13_Anal.root
CondorOut/MuRunCv1_Data_20191005_Ntuple_14_Anal.root
CondorOut/MuRunCv1_Data_20191005_Ntuple_15_Anal.root
CondorOut/MuRunCv1_Data_20191005_Ntuple_16_Anal.root
CondorOut/MuRunCv1_Data_20191005_Ntuple_17_Anal.root
CondorOut/MuRunCv1_Data_20191005_Ntuple_18_Anal.root
CondorOut/MuRunCv1_Data_20191005_Ntuple_19_Anal.root
CondorOut/MuRunCv1_Data_20191005_Ntuple_1_Anal.root
CondorOut/MuRunCv1_Data_20191005_Ntuple_20_Anal.root
CondorOut/MuRunCv1_Data_20191005_Ntuple_21_Anal.root
CondorOut/MuRunCv1_Data_20191005_Ntuple_22_Anal.root
CondorOut/MuRunCv1_Data_20191005_Ntuple_23_Anal.root
CondorOut/MuRunCv1_Data_20191005_Ntuple_24_Anal.root
CondorOut/MuRunCv1_Data_20191005_Ntuple_25_Anal.root
CondorOut/MuRunCv1_Data_20191005_Ntuple_26_Anal.root
CondorOut/MuRunCv1_Data_20191005_Ntuple_27_Anal.root
CondorOut/MuRunCv1_Data_20191005_Ntuple_28_Anal.root
CondorOut/MuRunCv1_Data_20191005_Ntuple_29_Anal.root
CondorOut/MuRunCv1_Data_20191005_Ntuple_2_Anal.root
CondorOut/MuRunCv1_Data_20191005_Ntuple_30_Anal.root
CondorOut/MuRunCv1_Data_20191005_Ntuple_31_Anal.root
CondorOut/MuRunCv1_Data_20191005_Ntuple_32_Anal.root
CondorOut/MuRunCv1_Data_20191005_Ntuple_33_Anal.root
CondorOut/MuRunCv1_Data_20191005_Ntuple_34_Anal.root
CondorOut/MuRunCv1_Data_20191005_Ntuple_35_Anal.root
CondorOut/MuRunCv1_Data_20191005_Ntuple_3_Anal.root
CondorOut/MuRunCv1_Data_20191005_Ntuple_4_Anal.root
CondorOut/MuRunCv1_Data_20191005_Ntuple_5_Anal.root
CondorOut/MuRunCv1_Data_20191005_Ntuple_6_Anal.root
CondorOut/MuRunCv1_Data_20191005_Ntuple_7_Anal.root
CondorOut/MuRunCv1_Data_20191005_Ntuple_8_Anal.root
CondorOut/MuRunCv1_Data_20191005_Ntuple_9_Anal.root
CondorOut/MuRunDv1_Data_20191005_Ntuple_10_Anal.root
CondorOut/MuRunDv1_Data_20191005_Ntuple_11_Anal.root
CondorOut/MuRunDv1_Data_20191005_Ntuple_12_Anal.root
CondorOut/MuRunDv1_Data_20191005_Ntuple_13_Anal.root
CondorOut/MuRunDv1_Data_20191005_Ntuple_14_Anal.root
CondorOut/MuRunDv1_Data_20191005_Ntuple_15_Anal.root
CondorOut/MuRunDv1_Data_20191005_Ntuple_16_Anal.root
CondorOut/MuRunDv1_Data_20191005_Ntuple_17_Anal.root
CondorOut/MuRunDv1_Data_20191005_Ntuple_18_Anal.root
CondorOut/MuRunDv1_Data_20191005_Ntuple_19_Anal.root
CondorOut/MuRunDv1_Data_20191005_Ntuple_1_Anal.root
CondorOut/MuRunDv1_Data_20191005_Ntuple_20_Anal.root
CondorOut/MuRunDv1_Data_20191005_Ntuple_21_Anal.root
CondorOut/MuRunDv1_Data_20191005_Ntuple_22_Anal.root
CondorOut/MuRunDv1_Data_20191005_Ntuple_23_Anal.root
CondorOut/MuRunDv1_Data_20191005_Ntuple_24_Anal.root
CondorOut/MuRunDv1_Data_20191005_Ntuple_25_Anal.root
CondorOut/MuRunDv1_Data_20191005_Ntuple_26_Anal.root
CondorOut/MuRunDv1_Data_20191005_Ntuple_27_Anal.root
CondorOut/MuRunDv1_Data_20191005_Ntuple_28_Anal.root
CondorOut/MuRunDv1_Data_20191005_Ntuple_29_Anal.root
CondorOut/MuRunDv1_Data_20191005_Ntuple_2_Anal.root
CondorOut/MuRunDv1_Data_20191005_Ntuple_30_Anal.root
CondorOut/MuRunDv1_Data_20191005_Ntuple_31_Anal.root
CondorOut/MuRunDv1_Data_20191005_Ntuple_32_Anal.root
CondorOut/MuRunDv1_Data_20191005_Ntuple_33_Anal.root
CondorOut/MuRunDv1_Data_20191005_Ntuple_34_Anal.root
CondorOut/MuRunDv1_Data_20191005_Ntuple_35_Anal.root
CondorOut/MuRunDv1_Data_20191005_Ntuple_36_Anal.root
CondorOut/MuRunDv1_Data_20191005_Ntuple_37_Anal.root
CondorOut/MuRunDv1_Data_20191005_Ntuple_38_Anal.root
CondorOut/MuRunDv1_Data_20191005_Ntuple_39_Anal.root
CondorOut/MuRunDv1_Data_20191005_Ntuple_3_Anal.root
CondorOut/MuRunDv1_Data_20191005_Ntuple_40_Anal.root
CondorOut/MuRunDv1_Data_20191005_Ntuple_41_Anal.root
CondorOut/MuRunDv1_Data_20191005_Ntuple_42_Anal.root
CondorOut/MuRunDv1_Data_20191005_Ntuple_43_Anal.root
CondorOut/MuRunDv1_Data_20191005_Ntuple_44_Anal.root
CondorOut/MuRunDv1_Data_20191005_Ntuple_45_Anal.root
CondorOut/MuRunDv1_Data_20191005_Ntuple_46_Anal.root
CondorOut/MuRunDv1_Data_20191005_Ntuple_47_Anal.root
CondorOut/MuRunDv1_Data_20191005_Ntuple_48_Anal.root
CondorOut/MuRunDv1_Data_20191005_Ntuple_49_Anal.root
CondorOut/MuRunDv1_Data_20191005_Ntuple_4_Anal.root
CondorOut/MuRunDv1_Data_20191005_Ntuple_50_Anal.root
CondorOut/MuRunDv1_Data_20191005_Ntuple_51_Anal.root
CondorOut/MuRunDv1_Data_20191005_Ntuple_52_Anal.root
CondorOut/MuRunDv1_Data_20191005_Ntuple_53_Anal.root
CondorOut/MuRunDv1_Data_20191005_Ntuple_54_Anal.root
CondorOut/MuRunDv1_Data_20191005_Ntuple_55_Anal.root
CondorOut/MuRunDv1_Data_20191005_Ntuple_56_Anal.root
CondorOut/MuRunDv1_Data_20191005_Ntuple_57_Anal.root
CondorOut/MuRunDv1_Data_20191005_Ntuple_58_Anal.root
CondorOut/MuRunDv1_Data_20191005_Ntuple_59_Anal.root
CondorOut/MuRunDv1_Data_20191005_Ntuple_5_Anal.root
CondorOut/MuRunDv1_Data_20191005_Ntuple_6_Anal.root
CondorOut/MuRunDv1_Data_20191005_Ntuple_7_Anal.root
CondorOut/MuRunDv1_Data_20191005_Ntuple_8_Anal.root
CondorOut/MuRunDv1_Data_20191005_Ntuple_9_Anal.root
CondorOut/MuRunEv1_Data_20191005_Ntuple_10_Anal.root
CondorOut/MuRunEv1_Data_20191005_Ntuple_11_Anal.root
CondorOut/MuRunEv1_Data_20191005_Ntuple_12_Anal.root
CondorOut/MuRunEv1_Data_20191005_Ntuple_13_Anal.root
CondorOut/MuRunEv1_Data_20191005_Ntuple_14_Anal.root
CondorOut/MuRunEv1_Data_20191005_Ntuple_15_Anal.root
CondorOut/MuRunEv1_Data_20191005_Ntuple_16_Anal.root
CondorOut/MuRunEv1_Data_20191005_Ntuple_17_Anal.root
CondorOut/MuRunEv1_Data_20191005_Ntuple_18_Anal.root
CondorOut/MuRunEv1_Data_20191005_Ntuple_19_Anal.root
CondorOut/MuRunEv1_Data_20191005_Ntuple_1_Anal.root
CondorOut/MuRunEv1_Data_20191005_Ntuple_20_Anal.root
CondorOut/MuRunEv1_Data_20191005_Ntuple_21_Anal.root
CondorOut/MuRunEv1_Data_20191005_Ntuple_22_Anal.root
CondorOut/MuRunEv1_Data_20191005_Ntuple_23_Anal.root
CondorOut/MuRunEv1_Data_20191005_Ntuple_24_Anal.root
CondorOut/MuRunEv1_Data_20191005_Ntuple_25_Anal.root
CondorOut/MuRunEv1_Data_20191005_Ntuple_26_Anal.root
CondorOut/MuRunEv1_Data_20191005_Ntuple_27_Anal.root
CondorOut/MuRunEv1_Data_20191005_Ntuple_28_Anal.root
CondorOut/MuRunEv1_Data_20191005_Ntuple_29_Anal.root
CondorOut/MuRunEv1_Data_20191005_Ntuple_2_Anal.root
CondorOut/MuRunEv1_Data_20191005_Ntuple_30_Anal.root
CondorOut/MuRunEv1_Data_20191005_Ntuple_31_Anal.root
CondorOut/MuRunEv1_Data_20191005_Ntuple_32_Anal.root
CondorOut/MuRunEv1_Data_20191005_Ntuple_33_Anal.root
CondorOut/MuRunEv1_Data_20191005_Ntuple_34_Anal.root
CondorOut/MuRunEv1_Data_20191005_Ntuple_35_Anal.root
CondorOut/MuRunEv1_Data_20191005_Ntuple_36_Anal.root
CondorOut/MuRunEv1_Data_20191005_Ntuple_37_Anal.root
CondorOut/MuRunEv1_Data_20191005_Ntuple_38_Anal.root
CondorOut/MuRunEv1_Data_20191005_Ntuple_39_Anal.root
CondorOut/MuRunEv1_Data_20191005_Ntuple_3_Anal.root
CondorOut/MuRunEv1_Data_20191005_Ntuple_40_Anal.root
CondorOut/MuRunEv1_Data_20191005_Ntuple_41_Anal.root
CondorOut/MuRunEv1_Data_20191005_Ntuple_42_Anal.root
CondorOut/MuRunEv1_Data_20191005_Ntuple_43_Anal.root
CondorOut/MuRunEv1_Data_20191005_Ntuple_44_Anal.root
CondorOut/MuRunEv1_Data_20191005_Ntuple_45_Anal.root
CondorOut/MuRunEv1_Data_20191005_Ntuple_46_Anal.root
CondorOut/MuRunEv1_Data_20191005_Ntuple_47_Anal.root
CondorOut/MuRunEv1_Data_20191005_Ntuple_48_Anal.root
CondorOut/MuRunEv1_Data_20191005_Ntuple_49_Anal.root
CondorOut/MuRunEv1_Data_20191005_Ntuple_4_Anal.root
CondorOut/MuRunEv1_Data_20191005_Ntuple_50_Anal.root
CondorOut/MuRunEv1_Data_20191005_Ntuple_5_Anal.root
CondorOut/MuRunEv1_Data_20191005_Ntuple_6_Anal.root
CondorOut/MuRunEv1_Data_20191005_Ntuple_7_Anal.root
CondorOut/MuRunEv1_Data_20191005_Ntuple_8_Anal.root
CondorOut/MuRunEv1_Data_20191005_Ntuple_9_Anal.root
CondorOut/MuRunFv1_Data_20191005_Ntuple_10_Anal.root
CondorOut/MuRunFv1_Data_20191005_Ntuple_11_Anal.root
CondorOut/MuRunFv1_Data_20191005_Ntuple_12_Anal.root
CondorOut/MuRunFv1_Data_20191005_Ntuple_13_Anal.root
CondorOut/MuRunFv1_Data_20191005_Ntuple_14_Anal.root
CondorOut/MuRunFv1_Data_20191005_Ntuple_15_Anal.root
CondorOut/MuRunFv1_Data_20191005_Ntuple_16_Anal.root
CondorOut/MuRunFv1_Data_20191005_Ntuple_17_Anal.root
CondorOut/MuRunFv1_Data_20191005_Ntuple_18_Anal.root
CondorOut/MuRunFv1_Data_20191005_Ntuple_19_Anal.root
CondorOut/MuRunFv1_Data_20191005_Ntuple_1_Anal.root
CondorOut/MuRunFv1_Data_20191005_Ntuple_20_Anal.root
CondorOut/MuRunFv1_Data_20191005_Ntuple_21_Anal.root
CondorOut/MuRunFv1_Data_20191005_Ntuple_22_Anal.root
CondorOut/MuRunFv1_Data_20191005_Ntuple_23_Anal.root
CondorOut/MuRunFv1_Data_20191005_Ntuple_24_Anal.root
CondorOut/MuRunFv1_Data_20191005_Ntuple_25_Anal.root
CondorOut/MuRunFv1_Data_20191005_Ntuple_26_Anal.root
CondorOut/MuRunFv1_Data_20191005_Ntuple_27_Anal.root
CondorOut/MuRunFv1_Data_20191005_Ntuple_28_Anal.root
CondorOut/MuRunFv1_Data_20191005_Ntuple_29_Anal.root
CondorOut/MuRunFv1_Data_20191005_Ntuple_30_Anal.root
CondorOut/MuRunFv1_Data_20191005_Ntuple_31_Anal.root
CondorOut/MuRunFv1_Data_20191005_Ntuple_32_Anal.root
CondorOut/MuRunFv1_Data_20191005_Ntuple_33_Anal.root
CondorOut/MuRunFv1_Data_20191005_Ntuple_34_Anal.root
CondorOut/MuRunFv1_Data_20191005_Ntuple_35_Anal.root
CondorOut/MuRunFv1_Data_20191005_Ntuple_36_Anal.root
CondorOut/MuRunFv1_Data_20191005_Ntuple_37_Anal.root
CondorOut/MuRunFv1_Data_20191005_Ntuple_3_Anal.root
CondorOut/MuRunFv1_Data_20191005_Ntuple_4_Anal.root
CondorOut/MuRunFv1_Data_20191005_Ntuple_5_Anal.root
CondorOut/MuRunFv1_Data_20191005_Ntuple_6_Anal.root
CondorOut/MuRunFv1_Data_20191005_Ntuple_7_Anal.root
CondorOut/MuRunFv1_Data_20191005_Ntuple_8_Anal.root
CondorOut/MuRunFv1_Data_20191005_Ntuple_9_Anal.root
CondorOut/MuRunGv1_Data_20191005_Ntuple_10_Anal.root
CondorOut/MuRunGv1_Data_20191005_Ntuple_11_Anal.root
CondorOut/MuRunGv1_Data_20191005_Ntuple_12_Anal.root
CondorOut/MuRunGv1_Data_20191005_Ntuple_13_Anal.root
CondorOut/MuRunGv1_Data_20191005_Ntuple_14_Anal.root
CondorOut/MuRunGv1_Data_20191005_Ntuple_15_Anal.root
CondorOut/MuRunGv1_Data_20191005_Ntuple_16_Anal.root
CondorOut/MuRunGv1_Data_20191005_Ntuple_17_Anal.root
CondorOut/MuRunGv1_Data_20191005_Ntuple_18_Anal.root
CondorOut/MuRunGv1_Data_20191005_Ntuple_19_Anal.root
CondorOut/MuRunGv1_Data_20191005_Ntuple_1_Anal.root
CondorOut/MuRunGv1_Data_20191005_Ntuple_20_Anal.root
CondorOut/MuRunGv1_Data_20191005_Ntuple_21_Anal.root
CondorOut/MuRunGv1_Data_20191005_Ntuple_22_Anal.root
CondorOut/MuRunGv1_Data_20191005_Ntuple_23_Anal.root
CondorOut/MuRunGv1_Data_20191005_Ntuple_24_Anal.root
CondorOut/MuRunGv1_Data_20191005_Ntuple_25_Anal.root
CondorOut/MuRunGv1_Data_20191005_Ntuple_26_Anal.root
CondorOut/MuRunGv1_Data_20191005_Ntuple_27_Anal.root
CondorOut/MuRunGv1_Data_20191005_Ntuple_28_Anal.root
CondorOut/MuRunGv1_Data_20191005_Ntuple_29_Anal.root
CondorOut/MuRunGv1_Data_20191005_Ntuple_2_Anal.root
CondorOut/MuRunGv1_Data_20191005_Ntuple_30_Anal.root
CondorOut/MuRunGv1_Data_20191005_Ntuple_31_Anal.root
CondorOut/MuRunGv1_Data_20191005_Ntuple_32_Anal.root
CondorOut/MuRunGv1_Data_20191005_Ntuple_33_Anal.root
CondorOut/MuRunGv1_Data_20191005_Ntuple_34_Anal.root
CondorOut/MuRunGv1_Data_20191005_Ntuple_35_Anal.root
CondorOut/MuRunGv1_Data_20191005_Ntuple_36_Anal.root
CondorOut/MuRunGv1_Data_20191005_Ntuple_37_Anal.root
CondorOut/MuRunGv1_Data_20191005_Ntuple_38_Anal.root
CondorOut/MuRunGv1_Data_20191005_Ntuple_39_Anal.root
CondorOut/MuRunGv1_Data_20191005_Ntuple_3_Anal.root
CondorOut/MuRunGv1_Data_20191005_Ntuple_40_Anal.root
CondorOut/MuRunGv1_Data_20191005_Ntuple_41_Anal.root
CondorOut/MuRunGv1_Data_20191005_Ntuple_42_Anal.root
CondorOut/MuRunGv1_Data_20191005_Ntuple_43_Anal.root
CondorOut/MuRunGv1_Data_20191005_Ntuple_44_Anal.root
CondorOut/MuRunGv1_Data_20191005_Ntuple_45_Anal.root
CondorOut/MuRunGv1_Data_20191005_Ntuple_46_Anal.root
CondorOut/MuRunGv1_Data_20191005_Ntuple_47_Anal.root
CondorOut/MuRunGv1_Data_20191005_Ntuple_48_Anal.root
CondorOut/MuRunGv1_Data_20191005_Ntuple_49_Anal.root
CondorOut/MuRunGv1_Data_20191005_Ntuple_4_Anal.root
CondorOut/MuRunGv1_Data_20191005_Ntuple_50_Anal.root
CondorOut/MuRunGv1_Data_20191005_Ntuple_51_Anal.root
CondorOut/MuRunGv1_Data_20191005_Ntuple_52_Anal.root
CondorOut/MuRunGv1_Data_20191005_Ntuple_53_Anal.root
CondorOut/MuRunGv1_Data_20191005_Ntuple_54_Anal.root
CondorOut/MuRunGv1_Data_20191005_Ntuple_55_Anal.root
CondorOut/MuRunGv1_Data_20191005_Ntuple_56_Anal.root
CondorOut/MuRunGv1_Data_20191005_Ntuple_57_Anal.root
CondorOut/MuRunGv1_Data_20191005_Ntuple_58_Anal.root
CondorOut/MuRunGv1_Data_20191005_Ntuple_59_Anal.root
CondorOut/MuRunGv1_Data_20191005_Ntuple_5_Anal.root
CondorOut/MuRunGv1_Data_20191005_Ntuple_60_Anal.root
CondorOut/MuRunGv1_Data_20191005_Ntuple_61_Anal.root
CondorOut/MuRunGv1_Data_20191005_Ntuple_62_Anal.root
CondorOut/MuRunGv1_Data_20191005_Ntuple_63_Anal.root
CondorOut/MuRunGv1_Data_20191005_Ntuple_64_Anal.root
CondorOut/MuRunGv1_Data_20191005_Ntuple_65_Anal.root
CondorOut/MuRunGv1_Data_20191005_Ntuple_66_Anal.root
CondorOut/MuRunGv1_Data_20191005_Ntuple_67_Anal.root
CondorOut/MuRunGv1_Data_20191005_Ntuple_68_Anal.root
CondorOut/MuRunGv1_Data_20191005_Ntuple_69_Anal.root
CondorOut/MuRunGv1_Data_20191005_Ntuple_6_Anal.root
CondorOut/MuRunGv1_Data_20191005_Ntuple_71_Anal.root
CondorOut/MuRunGv1_Data_20191005_Ntuple_72_Anal.root
CondorOut/MuRunGv1_Data_20191005_Ntuple_73_Anal.root
CondorOut/MuRunGv1_Data_20191005_Ntuple_74_Anal.root
CondorOut/MuRunGv1_Data_20191005_Ntuple_75_Anal.root
CondorOut/MuRunGv1_Data_20191005_Ntuple_76_Anal.root
CondorOut/MuRunGv1_Data_20191005_Ntuple_77_Anal.root
CondorOut/MuRunGv1_Data_20191005_Ntuple_78_Anal.root
CondorOut/MuRunGv1_Data_20191005_Ntuple_79_Anal.root
CondorOut/MuRunGv1_Data_20191005_Ntuple_7_Anal.root
CondorOut/MuRunGv1_Data_20191005_Ntuple_80_Anal.root
CondorOut/MuRunGv1_Data_20191005_Ntuple_81_Anal.root
CondorOut/MuRunGv1_Data_20191005_Ntuple_82_Anal.root
CondorOut/MuRunGv1_Data_20191005_Ntuple_83_Anal.root
CondorOut/MuRunGv1_Data_20191005_Ntuple_84_Anal.root
CondorOut/MuRunGv1_Data_20191005_Ntuple_85_Anal.root
CondorOut/MuRunGv1_Data_20191005_Ntuple_86_Anal.root
CondorOut/MuRunGv1_Data_20191005_Ntuple_8_Anal.root
CondorOut/MuRunGv1_Data_20191005_Ntuple_9_Anal.root
CondorOut/MuRunH2v1_Data_20191005_Ntuple_10_Anal.root
CondorOut/MuRunH2v1_Data_20191005_Ntuple_11_Anal.root
CondorOut/MuRunH2v1_Data_20191005_Ntuple_12_Anal.root
CondorOut/MuRunH2v1_Data_20191005_Ntuple_13_Anal.root
CondorOut/MuRunH2v1_Data_20191005_Ntuple_14_Anal.root
CondorOut/MuRunH2v1_Data_20191005_Ntuple_15_Anal.root
CondorOut/MuRunH2v1_Data_20191005_Ntuple_16_Anal.root
CondorOut/MuRunH2v1_Data_20191005_Ntuple_17_Anal.root
CondorOut/MuRunH2v1_Data_20191005_Ntuple_18_Anal.root
CondorOut/MuRunH2v1_Data_20191005_Ntuple_19_Anal.root
CondorOut/MuRunH2v1_Data_20191005_Ntuple_1_Anal.root
CondorOut/MuRunH2v1_Data_20191005_Ntuple_20_Anal.root
CondorOut/MuRunH2v1_Data_20191005_Ntuple_21_Anal.root
CondorOut/MuRunH2v1_Data_20191005_Ntuple_22_Anal.root
CondorOut/MuRunH2v1_Data_20191005_Ntuple_23_Anal.root
CondorOut/MuRunH2v1_Data_20191005_Ntuple_24_Anal.root
CondorOut/MuRunH2v1_Data_20191005_Ntuple_25_Anal.root
CondorOut/MuRunH2v1_Data_20191005_Ntuple_26_Anal.root
CondorOut/MuRunH2v1_Data_20191005_Ntuple_27_Anal.root
CondorOut/MuRunH2v1_Data_20191005_Ntuple_28_Anal.root
CondorOut/MuRunH2v1_Data_20191005_Ntuple_29_Anal.root
CondorOut/MuRunH2v1_Data_20191005_Ntuple_2_Anal.root
CondorOut/MuRunH2v1_Data_20191005_Ntuple_30_Anal.root
CondorOut/MuRunH2v1_Data_20191005_Ntuple_31_Anal.root
CondorOut/MuRunH2v1_Data_20191005_Ntuple_32_Anal.root
CondorOut/MuRunH2v1_Data_20191005_Ntuple_33_Anal.root
CondorOut/MuRunH2v1_Data_20191005_Ntuple_34_Anal.root
CondorOut/MuRunH2v1_Data_20191005_Ntuple_35_Anal.root
CondorOut/MuRunH2v1_Data_20191005_Ntuple_36_Anal.root
CondorOut/MuRunH2v1_Data_20191005_Ntuple_37_Anal.root
CondorOut/MuRunH2v1_Data_20191005_Ntuple_38_Anal.root
CondorOut/MuRunH2v1_Data_20191005_Ntuple_39_Anal.root
CondorOut/MuRunH2v1_Data_20191005_Ntuple_3_Anal.root
CondorOut/MuRunH2v1_Data_20191005_Ntuple_40_Anal.root
CondorOut/MuRunH2v1_Data_20191005_Ntuple_41_Anal.root
CondorOut/MuRunH2v1_Data_20191005_Ntuple_42_Anal.root
CondorOut/MuRunH2v1_Data_20191005_Ntuple_43_Anal.root
CondorOut/MuRunH2v1_Data_20191005_Ntuple_44_Anal.root
CondorOut/MuRunH2v1_Data_20191005_Ntuple_45_Anal.root
CondorOut/MuRunH2v1_Data_20191005_Ntuple_46_Anal.root
CondorOut/MuRunH2v1_Data_20191005_Ntuple_47_Anal.root
CondorOut/MuRunH2v1_Data_20191005_Ntuple_48_Anal.root
CondorOut/MuRunH2v1_Data_20191005_Ntuple_49_Anal.root
CondorOut/MuRunH2v1_Data_20191005_Ntuple_4_Anal.root
CondorOut/MuRunH2v1_Data_20191005_Ntuple_50_Anal.root
CondorOut/MuRunH2v1_Data_20191005_Ntuple_51_Anal.root
CondorOut/MuRunH2v1_Data_20191005_Ntuple_52_Anal.root
CondorOut/MuRunH2v1_Data_20191005_Ntuple_53_Anal.root
CondorOut/MuRunH2v1_Data_20191005_Ntuple_54_Anal.root
CondorOut/MuRunH2v1_Data_20191005_Ntuple_55_Anal.root
CondorOut/MuRunH2v1_Data_20191005_Ntuple_56_Anal.root
CondorOut/MuRunH2v1_Data_20191005_Ntuple_57_Anal.root
CondorOut/MuRunH2v1_Data_20191005_Ntuple_58_Anal.root
CondorOut/MuRunH2v1_Data_20191005_Ntuple_59_Anal.root
CondorOut/MuRunH2v1_Data_20191005_Ntuple_5_Anal.root
CondorOut/MuRunH2v1_Data_20191005_Ntuple_60_Anal.root
CondorOut/MuRunH2v1_Data_20191005_Ntuple_61_Anal.root
CondorOut/MuRunH2v1_Data_20191005_Ntuple_62_Anal.root
CondorOut/MuRunH2v1_Data_20191005_Ntuple_63_Anal.root
CondorOut/MuRunH2v1_Data_20191005_Ntuple_64_Anal.root
CondorOut/MuRunH2v1_Data_20191005_Ntuple_65_Anal.root
CondorOut/MuRunH2v1_Data_20191005_Ntuple_66_Anal.root
CondorOut/MuRunH2v1_Data_20191005_Ntuple_67_Anal.root
CondorOut/MuRunH2v1_Data_20191005_Ntuple_68_Anal.root
CondorOut/MuRunH2v1_Data_20191005_Ntuple_69_Anal.root
CondorOut/MuRunH2v1_Data_20191005_Ntuple_6_Anal.root
CondorOut/MuRunH2v1_Data_20191005_Ntuple_70_Anal.root
CondorOut/MuRunH2v1_Data_20191005_Ntuple_71_Anal.root
CondorOut/MuRunH2v1_Data_20191005_Ntuple_72_Anal.root
CondorOut/MuRunH2v1_Data_20191005_Ntuple_73_Anal.root
CondorOut/MuRunH2v1_Data_20191005_Ntuple_74_Anal.root
CondorOut/MuRunH2v1_Data_20191005_Ntuple_75_Anal.root
CondorOut/MuRunH2v1_Data_20191005_Ntuple_76_Anal.root
CondorOut/MuRunH2v1_Data_20191005_Ntuple_77_Anal.root
CondorOut/MuRunH2v1_Data_20191005_Ntuple_78_Anal.root
CondorOut/MuRunH2v1_Data_20191005_Ntuple_79_Anal.root
CondorOut/MuRunH2v1_Data_20191005_Ntuple_7_Anal.root
CondorOut/MuRunH2v1_Data_20191005_Ntuple_80_Anal.root
CondorOut/MuRunH2v1_Data_20191005_Ntuple_81_Anal.root
CondorOut/MuRunH2v1_Data_20191005_Ntuple_82_Anal.root
CondorOut/MuRunH2v1_Data_20191005_Ntuple_83_Anal.root
CondorOut/MuRunH2v1_Data_20191005_Ntuple_84_Anal.root
CondorOut/MuRunH2v1_Data_20191005_Ntuple_85_Anal.root
CondorOut/MuRunH2v1_Data_20191005_Ntuple_86_Anal.root
CondorOut/MuRunH2v1_Data_20191005_Ntuple_87_Anal.root
CondorOut/MuRunH2v1_Data_20191005_Ntuple_88_Anal.root
CondorOut/MuRunH2v1_Data_20191005_Ntuple_89_Anal.root
CondorOut/MuRunH2v1_Data_20191005_Ntuple_8_Anal.root
CondorOut/MuRunH2v1_Data_20191005_Ntuple_90_Anal.root
CondorOut/MuRunH2v1_Data_20191005_Ntuple_91_Anal.root
CondorOut/MuRunH2v1_Data_20191005_Ntuple_92_Anal.root
CondorOut/MuRunH2v1_Data_20191005_Ntuple_93_Anal.root
CondorOut/MuRunH2v1_Data_20191005_Ntuple_9_Anal.root
CondorOut/MuRunH3v1_Data_20191005_Ntuple_1_Anal.root
CondorOut/MuRunH3v1_Data_20191005_Ntuple_2_Anal.root
CondorOut/MuRunH3v1_Data_20191005_Ntuple_3_Anal.root
CondorOut/ST_s_MC_20191005_Ntuple_1_Anal.root
CondorOut/ST_s_MC_20191005_Ntuple_2_Anal.root
CondorOut/ST_s_MC_20191005_Ntuple_3_Anal.root
CondorOut/ST_t_antitop_MC_20191005_Ntuple_10_Anal.root
CondorOut/ST_t_antitop_MC_20191005_Ntuple_11_Anal.root
CondorOut/ST_t_antitop_MC_20191005_Ntuple_12_Anal.root
CondorOut/ST_t_antitop_MC_20191005_Ntuple_13_Anal.root
CondorOut/ST_t_antitop_MC_20191005_Ntuple_14_Anal.root
CondorOut/ST_t_antitop_MC_20191005_Ntuple_15_Anal.root
CondorOut/ST_t_antitop_MC_20191005_Ntuple_16_Anal.root
CondorOut/ST_t_antitop_MC_20191005_Ntuple_17_Anal.root
CondorOut/ST_t_antitop_MC_20191005_Ntuple_2_Anal.root
CondorOut/ST_t_antitop_MC_20191005_Ntuple_3_Anal.root
CondorOut/ST_t_antitop_MC_20191005_Ntuple_4_Anal.root
CondorOut/ST_t_antitop_MC_20191005_Ntuple_5_Anal.root
CondorOut/ST_t_antitop_MC_20191005_Ntuple_6_Anal.root
CondorOut/ST_t_antitop_MC_20191005_Ntuple_7_Anal.root
CondorOut/ST_t_antitop_MC_20191005_Ntuple_8_Anal.root
CondorOut/ST_t_antitop_MC_20191005_Ntuple_9_Anal.root
CondorOut/ST_t_top_MC_20191005_Ntuple_10_Anal.root
CondorOut/ST_t_top_MC_20191005_Ntuple_11_Anal.root
CondorOut/ST_t_top_MC_20191005_Ntuple_12_Anal.root
CondorOut/ST_t_top_MC_20191005_Ntuple_13_Anal.root
CondorOut/ST_t_top_MC_20191005_Ntuple_1_Anal.root
CondorOut/ST_t_top_MC_20191005_Ntuple_2_Anal.root
CondorOut/ST_t_top_MC_20191005_Ntuple_3_Anal.root
CondorOut/ST_t_top_MC_20191005_Ntuple_4_Anal.root
CondorOut/ST_t_top_MC_20191005_Ntuple_5_Anal.root
CondorOut/ST_t_top_MC_20191005_Ntuple_6_Anal.root
CondorOut/ST_t_top_MC_20191005_Ntuple_7_Anal.root
CondorOut/ST_t_top_MC_20191005_Ntuple_8_Anal.root
CondorOut/ST_t_top_MC_20191005_Ntuple_9_Anal.root
CondorOut/ST_tW_antitop_MC_20191005_Ntuple_1_Anal.root
CondorOut/ST_tW_antitop_MC_20191005_Ntuple_2_Anal.root
CondorOut/ST_tW_top_MC_20191005_Ntuple_1_Anal.root
CondorOut/ST_tW_top_MC_20191005_Ntuple_2_Anal.root
CondorOut/TT_MC_20191005_Ntuple_10_Anal.root
CondorOut/TT_MC_20191005_Ntuple_11_Anal.root
CondorOut/TT_MC_20191005_Ntuple_12_Anal.root
CondorOut/TT_MC_20191005_Ntuple_13_Anal.root
CondorOut/TT_MC_20191005_Ntuple_14_Anal.root
CondorOut/TT_MC_20191005_Ntuple_15_Anal.root
CondorOut/TT_MC_20191005_Ntuple_16_Anal.root
CondorOut/TT_MC_20191005_Ntuple_17_Anal.root
CondorOut/TT_MC_20191005_Ntuple_18_Anal.root
CondorOut/TT_MC_20191005_Ntuple_19_Anal.root
CondorOut/TT_MC_20191005_Ntuple_1_Anal.root
CondorOut/TT_MC_20191005_Ntuple_20_Anal.root
CondorOut/TT_MC_20191005_Ntuple_21_Anal.root
CondorOut/TT_MC_20191005_Ntuple_22_Anal.root
CondorOut/TT_MC_20191005_Ntuple_23_Anal.root
CondorOut/TT_MC_20191005_Ntuple_24_Anal.root
CondorOut/TT_MC_20191005_Ntuple_25_Anal.root
CondorOut/TT_MC_20191005_Ntuple_26_Anal.root
CondorOut/TT_MC_20191005_Ntuple_27_Anal.root
CondorOut/TT_MC_20191005_Ntuple_28_Anal.root
CondorOut/TT_MC_20191005_Ntuple_29_Anal.root
CondorOut/TT_MC_20191005_Ntuple_2_Anal.root
CondorOut/TT_MC_20191005_Ntuple_30_Anal.root
CondorOut/TT_MC_20191005_Ntuple_31_Anal.root
CondorOut/TT_MC_20191005_Ntuple_32_Anal.root
CondorOut/TT_MC_20191005_Ntuple_33_Anal.root
CondorOut/TT_MC_20191005_Ntuple_34_Anal.root
CondorOut/TT_MC_20191005_Ntuple_35_Anal.root
CondorOut/TT_MC_20191005_Ntuple_36_Anal.root
CondorOut/TT_MC_20191005_Ntuple_37_Anal.root
CondorOut/TT_MC_20191005_Ntuple_38_Anal.root
CondorOut/TT_MC_20191005_Ntuple_39_Anal.root
CondorOut/TT_MC_20191005_Ntuple_3_Anal.root
CondorOut/TT_MC_20191005_Ntuple_40_Anal.root
CondorOut/TT_MC_20191005_Ntuple_41_Anal.root
CondorOut/TT_MC_20191005_Ntuple_42_Anal.root
CondorOut/TT_MC_20191005_Ntuple_43_Anal.root
CondorOut/TT_MC_20191005_Ntuple_44_Anal.root
CondorOut/TT_MC_20191005_Ntuple_45_Anal.root
CondorOut/TT_MC_20191005_Ntuple_46_Anal.root
CondorOut/TT_MC_20191005_Ntuple_47_Anal.root
CondorOut/TT_MC_20191005_Ntuple_48_Anal.root
CondorOut/TT_MC_20191005_Ntuple_49_Anal.root
CondorOut/TT_MC_20191005_Ntuple_4_Anal.root
CondorOut/TT_MC_20191005_Ntuple_50_Anal.root
CondorOut/TT_MC_20191005_Ntuple_51_Anal.root
CondorOut/TT_MC_20191005_Ntuple_52_Anal.root
CondorOut/TT_MC_20191005_Ntuple_53_Anal.root
CondorOut/TT_MC_20191005_Ntuple_54_Anal.root
CondorOut/TT_MC_20191005_Ntuple_55_Anal.root
CondorOut/TT_MC_20191005_Ntuple_56_Anal.root
CondorOut/TT_MC_20191005_Ntuple_57_Anal.root
CondorOut/TT_MC_20191005_Ntuple_58_Anal.root
CondorOut/TT_MC_20191005_Ntuple_59_Anal.root
CondorOut/TT_MC_20191005_Ntuple_5_Anal.root
CondorOut/TT_MC_20191005_Ntuple_60_Anal.root
CondorOut/TT_MC_20191005_Ntuple_61_Anal.root
CondorOut/TT_MC_20191005_Ntuple_62_Anal.root
CondorOut/TT_MC_20191005_Ntuple_63_Anal.root
CondorOut/TT_MC_20191005_Ntuple_64_Anal.root
CondorOut/TT_MC_20191005_Ntuple_65_Anal.root
CondorOut/TT_MC_20191005_Ntuple_66_Anal.root
CondorOut/TT_MC_20191005_Ntuple_67_Anal.root
CondorOut/TT_MC_20191005_Ntuple_68_Anal.root
CondorOut/TT_MC_20191005_Ntuple_69_Anal.root
CondorOut/TT_MC_20191005_Ntuple_6_Anal.root
CondorOut/TT_MC_20191005_Ntuple_70_Anal.root
CondorOut/TT_MC_20191005_Ntuple_71_Anal.root
CondorOut/TT_MC_20191005_Ntuple_72_Anal.root
CondorOut/TT_MC_20191005_Ntuple_73_Anal.root
CondorOut/TT_MC_20191005_Ntuple_74_Anal.root
CondorOut/TT_MC_20191005_Ntuple_75_Anal.root
CondorOut/TT_MC_20191005_Ntuple_76_Anal.root
CondorOut/TT_MC_20191005_Ntuple_77_Anal.root
CondorOut/TT_MC_20191005_Ntuple_78_Anal.root
CondorOut/TT_MC_20191005_Ntuple_79_Anal.root
CondorOut/TT_MC_20191005_Ntuple_7_Anal.root
CondorOut/TT_MC_20191005_Ntuple_80_Anal.root
CondorOut/TT_MC_20191005_Ntuple_81_Anal.root
CondorOut/TT_MC_20191005_Ntuple_82_Anal.root
CondorOut/TT_MC_20191005_Ntuple_83_Anal.root
CondorOut/TT_MC_20191005_Ntuple_84_Anal.root
CondorOut/TT_MC_20191005_Ntuple_85_Anal.root
CondorOut/TT_MC_20191005_Ntuple_86_Anal.root
CondorOut/TT_MC_20191005_Ntuple_87_Anal.root
CondorOut/TT_MC_20191005_Ntuple_88_Anal.root
CondorOut/TT_MC_20191005_Ntuple_89_Anal.root
CondorOut/TT_MC_20191005_Ntuple_8_Anal.root
CondorOut/TT_MC_20191005_Ntuple_90_Anal.root
CondorOut/TT_MC_20191005_Ntuple_91_Anal.root
CondorOut/TT_MC_20191005_Ntuple_92_Anal.root
CondorOut/TT_MC_20191005_Ntuple_93_Anal.root
CondorOut/TT_MC_20191005_Ntuple_94_Anal.root
CondorOut/TT_MC_20191005_Ntuple_95_Anal.root
CondorOut/TT_MC_20191005_Ntuple_96_Anal.root
CondorOut/TT_MC_20191005_Ntuple_97_Anal.root
CondorOut/TT_MC_20191005_Ntuple_98_Anal.root
CondorOut/TT_MC_20191005_Ntuple_99_Anal.root
CondorOut/TT_MC_20191005_Ntuple_9_Anal.root
CondorOut/WJetsToLNu_MC_20191005_Ntuple_10_Anal.root
CondorOut/WJetsToLNu_MC_20191005_Ntuple_11_Anal.root
CondorOut/WJetsToLNu_MC_20191005_Ntuple_12_Anal.root
CondorOut/WJetsToLNu_MC_20191005_Ntuple_13_Anal.root
CondorOut/WJetsToLNu_MC_20191005_Ntuple_14_Anal.root
CondorOut/WJetsToLNu_MC_20191005_Ntuple_15_Anal.root
CondorOut/WJetsToLNu_MC_20191005_Ntuple_16_Anal.root
CondorOut/WJetsToLNu_MC_20191005_Ntuple_17_Anal.root
CondorOut/WJetsToLNu_MC_20191005_Ntuple_18_Anal.root
CondorOut/WJetsToLNu_MC_20191005_Ntuple_19_Anal.root
CondorOut/WJetsToLNu_MC_20191005_Ntuple_1_Anal.root
CondorOut/WJetsToLNu_MC_20191005_Ntuple_20_Anal.root
CondorOut/WJetsToLNu_MC_20191005_Ntuple_21_Anal.root
CondorOut/WJetsToLNu_MC_20191005_Ntuple_22_Anal.root
CondorOut/WJetsToLNu_MC_20191005_Ntuple_23_Anal.root
CondorOut/WJetsToLNu_MC_20191005_Ntuple_25_Anal.root
CondorOut/WJetsToLNu_MC_20191005_Ntuple_26_Anal.root
CondorOut/WJetsToLNu_MC_20191005_Ntuple_27_Anal.root
CondorOut/WJetsToLNu_MC_20191005_Ntuple_28_Anal.root
CondorOut/WJetsToLNu_MC_20191005_Ntuple_29_Anal.root
CondorOut/WJetsToLNu_MC_20191005_Ntuple_2_Anal.root
CondorOut/WJetsToLNu_MC_20191005_Ntuple_30_Anal.root
CondorOut/WJetsToLNu_MC_20191005_Ntuple_31_Anal.root
CondorOut/WJetsToLNu_MC_20191005_Ntuple_32_Anal.root
CondorOut/WJetsToLNu_MC_20191005_Ntuple_33_Anal.root
CondorOut/WJetsToLNu_MC_20191005_Ntuple_34_Anal.root
CondorOut/WJetsToLNu_MC_20191005_Ntuple_35_Anal.root
CondorOut/WJetsToLNu_MC_20191005_Ntuple_36_Anal.root
CondorOut/WJetsToLNu_MC_20191005_Ntuple_37_Anal.root
CondorOut/WJetsToLNu_MC_20191005_Ntuple_38_Anal.root
CondorOut/WJetsToLNu_MC_20191005_Ntuple_39_Anal.root
CondorOut/WJetsToLNu_MC_20191005_Ntuple_3_Anal.root
CondorOut/WJetsToLNu_MC_20191005_Ntuple_40_Anal.root
CondorOut/WJetsToLNu_MC_20191005_Ntuple_41_Anal.root
CondorOut/WJetsToLNu_MC_20191005_Ntuple_42_Anal.root
CondorOut/WJetsToLNu_MC_20191005_Ntuple_43_Anal.root
CondorOut/WJetsToLNu_MC_20191005_Ntuple_4_Anal.root
CondorOut/WJetsToLNu_MC_20191005_Ntuple_5_Anal.root
CondorOut/WJetsToLNu_MC_20191005_Ntuple_6_Anal.root
CondorOut/WJetsToLNu_MC_20191005_Ntuple_7_Anal.root
CondorOut/WJetsToLNu_MC_20191005_Ntuple_8_Anal.root
CondorOut/WJetsToLNu_MC_20191005_Ntuple_9_Anal.root
CondorOut/WW_MC_20191005_Ntuple_1_Anal.root
CondorOut/WW_MC_20191005_Ntuple_2_Anal.root
CondorOut/WZ_MC_20191005_Ntuple_1_Anal.root
CondorOut/WZ_MC_20191005_Ntuple_2_Anal.root
CondorOut/WZ_MC_20191005_Ntuple_3_Anal.root
CondorOut/ZZ_MC_20191005_Ntuple_1_Anal.root
CondorOut/ZZ_MC_20191005_Ntuple_2_Anal.root
